
2025-08-02 16:06:36,597 [1] [INFO ] [GameServer.Program.Main:20] - Game Server Init
2025-08-02 16:06:36,835 [1] [WARN ] [Network.NetService.Start:28] - Starting Listener...
StackTrace:
   at System.Environment.GetStackTrace(Exception e, Boolean needFileInfo)
   at System.Environment.get_StackTrace()
   at Common.Log.LogWithLocation(Level level, String message, Boolean includeStackTrace) in F:\Git\MyMMORPG\Src\Lib\Common\Log.cs:line 132
   at Common.Log.Warning(Object message) in F:\Git\MyMMORPG\Src\Lib\Common\Log.cs:line 47
   at Network.NetService.Start() in F:\Git\MyMMORPG\Src\Server\GameServer\GameServer\Network\NetService.cs:line 28
   at GameServer.GameServer.Start() in F:\Git\MyMMORPG\Src\Server\GameServer\GameServer\GameServer.cs:line 36
   at GameServer.Program.Main(String[] args) in F:\Git\MyMMORPG\Src\Server\GameServer\GameServer\Program.cs:line 24
2025-08-02 16:06:36,859 [9] [WARN ] [Network.MessageDistributer`1.MessageDistribute:196] - MessageDistribute thread start
StackTrace:
   at System.Environment.GetStackTrace(Exception e, Boolean needFileInfo)
   at System.Environment.get_StackTrace()
   at Common.Log.LogWithLocation(Level level, String message, Boolean includeStackTrace) in F:\Git\MyMMORPG\Src\Lib\Common\Log.cs:line 132
   at Common.Log.Warning(Object message) in F:\Git\MyMMORPG\Src\Lib\Common\Log.cs:line 47
   at Network.MessageDistributer`1.MessageDistribute(Object stateInfo) in F:\Git\MyMMORPG\Src\Lib\Common\Network\MessageDistributer.cs:line 196
   at System.Threading.ExecutionContext.RunInternal(ExecutionContext executionContext, ContextCallback callback, Object state, Boolean preserveSyncCtx)
   at System.Threading.ExecutionContext.Run(ExecutionContext executionContext, ContextCallback callback, Object state, Boolean preserveSyncCtx)
   at System.Threading.QueueUserWorkItemCallback.System.Threading.IThreadPoolWorkItem.ExecuteWorkItem()
   at System.Threading.ThreadPoolWorkQueue.Dispatch()
2025-08-02 16:06:36,860 [14] [WARN ] [Network.MessageDistributer`1.MessageDistribute:196] - MessageDistribute thread start
StackTrace:
   at System.Environment.GetStackTrace(Exception e, Boolean needFileInfo)
   at System.Environment.get_StackTrace()
   at Common.Log.LogWithLocation(Level level, String message, Boolean includeStackTrace) in F:\Git\MyMMORPG\Src\Lib\Common\Log.cs:line 132
   at Common.Log.Warning(Object message) in F:\Git\MyMMORPG\Src\Lib\Common\Log.cs:line 47
   at Network.MessageDistributer`1.MessageDistribute(Object stateInfo) in F:\Git\MyMMORPG\Src\Lib\Common\Network\MessageDistributer.cs:line 196
   at System.Threading.ExecutionContext.RunInternal(ExecutionContext executionContext, ContextCallback callback, Object state, Boolean preserveSyncCtx)
   at System.Threading.ExecutionContext.Run(ExecutionContext executionContext, ContextCallback callback, Object state, Boolean preserveSyncCtx)
   at System.Threading.QueueUserWorkItemCallback.System.Threading.IThreadPoolWorkItem.ExecuteWorkItem()
   at System.Threading.ThreadPoolWorkQueue.Dispatch()
2025-08-02 16:06:36,860 [5] [WARN ] [Network.MessageDistributer`1.MessageDistribute:196] - MessageDistribute thread start
StackTrace:
   at System.Environment.GetStackTrace(Exception e, Boolean needFileInfo)
   at System.Environment.get_StackTrace()
   at Common.Log.LogWithLocation(Level level, String message, Boolean includeStackTrace) in F:\Git\MyMMORPG\Src\Lib\Common\Log.cs:line 132
   at Common.Log.Warning(Object message) in F:\Git\MyMMORPG\Src\Lib\Common\Log.cs:line 47
   at Network.MessageDistributer`1.MessageDistribute(Object stateInfo) in F:\Git\MyMMORPG\Src\Lib\Common\Network\MessageDistributer.cs:line 196
   at System.Threading.ExecutionContext.RunInternal(ExecutionContext executionContext, ContextCallback callback, Object state, Boolean preserveSyncCtx)
   at System.Threading.ExecutionContext.Run(ExecutionContext executionContext, ContextCallback callback, Object state, Boolean preserveSyncCtx)
   at System.Threading.QueueUserWorkItemCallback.System.Threading.IThreadPoolWorkItem.ExecuteWorkItem()
   at System.Threading.ThreadPoolWorkQueue.Dispatch()
2025-08-02 16:06:36,861 [15] [WARN ] [Network.MessageDistributer`1.MessageDistribute:196] - MessageDistribute thread start
StackTrace:
   at System.Environment.GetStackTrace(Exception e, Boolean needFileInfo)
   at System.Environment.get_StackTrace()
   at Common.Log.LogWithLocation(Level level, String message, Boolean includeStackTrace) in F:\Git\MyMMORPG\Src\Lib\Common\Log.cs:line 132
   at Common.Log.Warning(Object message) in F:\Git\MyMMORPG\Src\Lib\Common\Log.cs:line 47
   at Network.MessageDistributer`1.MessageDistribute(Object stateInfo) in F:\Git\MyMMORPG\Src\Lib\Common\Network\MessageDistributer.cs:line 196
   at System.Threading.ExecutionContext.RunInternal(ExecutionContext executionContext, ContextCallback callback, Object state, Boolean preserveSyncCtx)
   at System.Threading.ExecutionContext.Run(ExecutionContext executionContext, ContextCallback callback, Object state, Boolean preserveSyncCtx)
   at System.Threading.QueueUserWorkItemCallback.System.Threading.IThreadPoolWorkItem.ExecuteWorkItem()
   at System.Threading.ThreadPoolWorkQueue.Dispatch()
2025-08-02 16:06:36,861 [16] [WARN ] [Network.MessageDistributer`1.MessageDistribute:196] - MessageDistribute thread start
StackTrace:
   at System.Environment.GetStackTrace(Exception e, Boolean needFileInfo)
   at System.Environment.get_StackTrace()
   at Common.Log.LogWithLocation(Level level, String message, Boolean includeStackTrace) in F:\Git\MyMMORPG\Src\Lib\Common\Log.cs:line 132
   at Common.Log.Warning(Object message) in F:\Git\MyMMORPG\Src\Lib\Common\Log.cs:line 47
   at Network.MessageDistributer`1.MessageDistribute(Object stateInfo) in F:\Git\MyMMORPG\Src\Lib\Common\Network\MessageDistributer.cs:line 196
   at System.Threading.ExecutionContext.RunInternal(ExecutionContext executionContext, ContextCallback callback, Object state, Boolean preserveSyncCtx)
   at System.Threading.ExecutionContext.Run(ExecutionContext executionContext, ContextCallback callback, Object state, Boolean preserveSyncCtx)
   at System.Threading.QueueUserWorkItemCallback.System.Threading.IThreadPoolWorkItem.ExecuteWorkItem()
   at System.Threading.ThreadPoolWorkQueue.Dispatch()
2025-08-02 16:06:36,863 [17] [WARN ] [Network.MessageDistributer`1.MessageDistribute:196] - MessageDistribute thread start
StackTrace:
   at System.Environment.GetStackTrace(Exception e, Boolean needFileInfo)
   at System.Environment.get_StackTrace()
   at Common.Log.LogWithLocation(Level level, String message, Boolean includeStackTrace) in F:\Git\MyMMORPG\Src\Lib\Common\Log.cs:line 132
   at Common.Log.Warning(Object message) in F:\Git\MyMMORPG\Src\Lib\Common\Log.cs:line 47
   at Network.MessageDistributer`1.MessageDistribute(Object stateInfo) in F:\Git\MyMMORPG\Src\Lib\Common\Network\MessageDistributer.cs:line 196
   at System.Threading.ExecutionContext.RunInternal(ExecutionContext executionContext, ContextCallback callback, Object state, Boolean preserveSyncCtx)
   at System.Threading.ExecutionContext.Run(ExecutionContext executionContext, ContextCallback callback, Object state, Boolean preserveSyncCtx)
   at System.Threading.QueueUserWorkItemCallback.System.Threading.IThreadPoolWorkItem.ExecuteWorkItem()
   at System.Threading.ThreadPoolWorkQueue.Dispatch()
2025-08-02 16:06:36,864 [8] [WARN ] [Network.MessageDistributer`1.MessageDistribute:196] - MessageDistribute thread start
StackTrace:
   at System.Environment.GetStackTrace(Exception e, Boolean needFileInfo)
   at System.Environment.get_StackTrace()
   at Common.Log.LogWithLocation(Level level, String message, Boolean includeStackTrace) in F:\Git\MyMMORPG\Src\Lib\Common\Log.cs:line 132
   at Common.Log.Warning(Object message) in F:\Git\MyMMORPG\Src\Lib\Common\Log.cs:line 47
   at Network.MessageDistributer`1.MessageDistribute(Object stateInfo) in F:\Git\MyMMORPG\Src\Lib\Common\Network\MessageDistributer.cs:line 196
   at System.Threading.ExecutionContext.RunInternal(ExecutionContext executionContext, ContextCallback callback, Object state, Boolean preserveSyncCtx)
   at System.Threading.ExecutionContext.Run(ExecutionContext executionContext, ContextCallback callback, Object state, Boolean preserveSyncCtx)
   at System.Threading.QueueUserWorkItemCallback.System.Threading.IThreadPoolWorkItem.ExecuteWorkItem()
   at System.Threading.ThreadPoolWorkQueue.Dispatch()
2025-08-02 16:06:36,864 [6] [WARN ] [Network.MessageDistributer`1.MessageDistribute:196] - MessageDistribute thread start
StackTrace:
   at System.Environment.GetStackTrace(Exception e, Boolean needFileInfo)
   at System.Environment.get_StackTrace()
   at Common.Log.LogWithLocation(Level level, String message, Boolean includeStackTrace) in F:\Git\MyMMORPG\Src\Lib\Common\Log.cs:line 132
   at Common.Log.Warning(Object message) in F:\Git\MyMMORPG\Src\Lib\Common\Log.cs:line 47
   at Network.MessageDistributer`1.MessageDistribute(Object stateInfo) in F:\Git\MyMMORPG\Src\Lib\Common\Network\MessageDistributer.cs:line 196
   at System.Threading.ExecutionContext.RunInternal(ExecutionContext executionContext, ContextCallback callback, Object state, Boolean preserveSyncCtx)
   at System.Threading.ExecutionContext.Run(ExecutionContext executionContext, ContextCallback callback, Object state, Boolean preserveSyncCtx)
   at System.Threading.QueueUserWorkItemCallback.System.Threading.IThreadPoolWorkItem.ExecuteWorkItem()
   at System.Threading.ThreadPoolWorkQueue.Dispatch()
2025-08-02 16:06:36,941 [1] [WARN ] [Network.NetService.Start:32] - NetService Started
StackTrace:
   at System.Environment.GetStackTrace(Exception e, Boolean needFileInfo)
   at System.Environment.get_StackTrace()
   at Common.Log.LogWithLocation(Level level, String message, Boolean includeStackTrace) in F:\Git\MyMMORPG\Src\Lib\Common\Log.cs:line 132
   at Common.Log.Warning(Object message) in F:\Git\MyMMORPG\Src\Lib\Common\Log.cs:line 47
   at Network.NetService.Start() in F:\Git\MyMMORPG\Src\Server\GameServer\GameServer\Network\NetService.cs:line 32
   at GameServer.GameServer.Start() in F:\Git\MyMMORPG\Src\Server\GameServer\GameServer\GameServer.cs:line 36
   at GameServer.Program.Main(String[] args) in F:\Git\MyMMORPG\Src\Server\GameServer\GameServer\Program.cs:line 24
2025-08-02 16:06:57,700 [3] [WARN ] [Network.NetService.OnSocketConnected:59] - Client[127.0.0.1:10238]] Connected
StackTrace:
   at System.Environment.GetStackTrace(Exception e, Boolean needFileInfo)
   at System.Environment.get_StackTrace()
   at Common.Log.LogWithLocation(Level level, String message, Boolean includeStackTrace) in F:\Git\MyMMORPG\Src\Lib\Common\Log.cs:line 132
   at Common.Log.WarningFormat(String format, Object arg0) in F:\Git\MyMMORPG\Src\Lib\Common\Log.cs:line 52
   at Network.NetService.OnSocketConnected(Object sender, Socket e) in F:\Git\MyMMORPG\Src\Server\GameServer\GameServer\Network\NetService.cs:line 59
   at Network.TcpSocketListener.OnSocketConnected(Socket client) in F:\Git\MyMMORPG\Src\Server\GameServer\GameServer\Network\TcpSocketListener.cs:line 215
   at Network.TcpSocketListener.OnSocketAccepted(Object sender, SocketAsyncEventArgs e) in F:\Git\MyMMORPG\Src\Server\GameServer\GameServer\Network\TcpSocketListener.cs:line 193
   at System.Net.Sockets.SocketAsyncEventArgs.OnCompleted(SocketAsyncEventArgs e)
   at System.Threading.ExecutionContext.RunInternal(ExecutionContext executionContext, ContextCallback callback, Object state, Boolean preserveSyncCtx)
   at System.Threading.ExecutionContext.Run(ExecutionContext executionContext, ContextCallback callback, Object state, Boolean preserveSyncCtx)
   at System.Threading.ExecutionContext.Run(ExecutionContext executionContext, ContextCallback callback, Object state)
   at System.Net.Sockets.SocketAsyncEventArgs.FinishOperationSuccess(SocketError socketError, Int32 bytesTransferred, SocketFlags flags)
   at System.Net.Sockets.SocketAsyncEventArgs.CompletionPortCallback(UInt32 errorCode, UInt32 numBytes, NativeOverlapped* nativeOverlapped)
   at System.Threading._IOCompletionCallback.PerformIOCompletionCallback(UInt32 errorCode, UInt32 numBytes, NativeOverlapped* pOVERLAP)
2025-08-02 16:06:57,750 [3] [WARN ] [Network.NetService.DataReceived:82] - Client[] DataReceived Len:26
StackTrace:
   at System.Environment.GetStackTrace(Exception e, Boolean needFileInfo)
   at System.Environment.get_StackTrace()
   at Common.Log.LogWithLocation(Level level, String message, Boolean includeStackTrace) in F:\Git\MyMMORPG\Src\Lib\Common\Log.cs:line 132
   at Common.Log.WarningFormat(String format, Object arg0, Object arg1) in F:\Git\MyMMORPG\Src\Lib\Common\Log.cs:line 57
   at Network.NetService.DataReceived(NetConnection`1 sender, DataEventArgs e) in F:\Git\MyMMORPG\Src\Server\GameServer\GameServer\Network\NetService.cs:line 82
   at Network.NetConnection`1.OnDataReceived(Byte[] data, IPEndPoint remoteEndPoint, DataReceivedCallback callback) in F:\Git\MyMMORPG\Src\Server\GameServer\GameServer\Network\NetConnection.cs:line 229
   at Network.NetConnection`1.ReceivedCompleted(Object sender, SocketAsyncEventArgs args) in F:\Git\MyMMORPG\Src\Server\GameServer\GameServer\Network\NetConnection.cs:line 194
   at System.Net.Sockets.SocketAsyncEventArgs.OnCompleted(SocketAsyncEventArgs e)
   at System.Threading.ExecutionContext.RunInternal(ExecutionContext executionContext, ContextCallback callback, Object state, Boolean preserveSyncCtx)
   at System.Threading.ExecutionContext.Run(ExecutionContext executionContext, ContextCallback callback, Object state, Boolean preserveSyncCtx)
   at System.Threading.ExecutionContext.Run(ExecutionContext executionContext, ContextCallback callback, Object state)
   at System.Net.Sockets.SocketAsyncEventArgs.FinishOperationSuccess(SocketError socketError, Int32 bytesTransferred, SocketFlags flags)
   at System.Net.Sockets.SocketAsyncEventArgs.CompletionPortCallback(UInt32 errorCode, UInt32 numBytes, NativeOverlapped* nativeOverlapped)
   at System.Threading._IOCompletionCallback.PerformIOCompletionCallback(UInt32 errorCode, UInt32 numBytes, NativeOverlapped* pOVERLAP)
2025-08-02 16:06:57,826 [5] [INFO ] [GameServer.Services.UserService.OnLogin:56] - UserLoginRequest: User:testreg  Pass:regpass
2025-08-02 16:10:50,574 [10] [WARN ] [Network.NetService.Disconnected:71] - Client[] Disconnected
StackTrace:
   at System.Environment.GetStackTrace(Exception e, Boolean needFileInfo)
   at System.Environment.get_StackTrace()
   at Common.Log.LogWithLocation(Level level, String message, Boolean includeStackTrace) in F:\Git\MyMMORPG\Src\Lib\Common\Log.cs:line 132
   at Common.Log.WarningFormat(String format, Object arg0) in F:\Git\MyMMORPG\Src\Lib\Common\Log.cs:line 52
   at Network.NetService.Disconnected(NetConnection`1 sender, SocketAsyncEventArgs e) in F:\Git\MyMMORPG\Src\Server\GameServer\GameServer\Network\NetService.cs:line 71
   at Network.NetConnection`1.OnDisconnected(SocketAsyncEventArgs args, DisconnectedCallback callback) in F:\Git\MyMMORPG\Src\Server\GameServer\GameServer\Network\NetConnection.cs:line 239
   at Network.NetConnection`1.CloseConnection(SocketAsyncEventArgs args) in F:\Git\MyMMORPG\Src\Server\GameServer\GameServer\Network\NetConnection.cs:line 216
   at Network.NetConnection`1.ReceivedCompleted(Object sender, SocketAsyncEventArgs args) in F:\Git\MyMMORPG\Src\Server\GameServer\GameServer\Network\NetConnection.cs:line 181
   at System.Net.Sockets.SocketAsyncEventArgs.OnCompleted(SocketAsyncEventArgs e)
   at System.Threading.ExecutionContext.RunInternal(ExecutionContext executionContext, ContextCallback callback, Object state, Boolean preserveSyncCtx)
   at System.Threading.ExecutionContext.Run(ExecutionContext executionContext, ContextCallback callback, Object state, Boolean preserveSyncCtx)
   at System.Threading.ExecutionContext.Run(ExecutionContext executionContext, ContextCallback callback, Object state)
   at System.Net.Sockets.SocketAsyncEventArgs.FinishOperationAsyncFailure(SocketError socketError, Int32 bytesTransferred, SocketFlags flags)
   at System.Net.Sockets.SocketAsyncEventArgs.CompletionPortCallback(UInt32 errorCode, UInt32 numBytes, NativeOverlapped* nativeOverlapped)
   at System.Threading._IOCompletionCallback.PerformIOCompletionCallback(UInt32 errorCode, UInt32 numBytes, NativeOverlapped* pOVERLAP)
2025-08-02 16:23:12,560 [1] [INFO ] [GameServer.Program.Main:20] - Game Server Init
2025-08-02 16:23:12,775 [1] [WARN ] [Network.NetService.Start:28] - Starting Listener...
2025-08-02 16:23:12,782 [15] [WARN ] [Network.MessageDistributer`1.MessageDistribute:196] - MessageDistribute thread start
2025-08-02 16:23:12,782 [12] [WARN ] [Network.MessageDistributer`1.MessageDistribute:196] - MessageDistribute thread start
2025-08-02 16:23:12,782 [10] [WARN ] [Network.MessageDistributer`1.MessageDistribute:196] - MessageDistribute thread start
2025-08-02 16:23:12,782 [5] [WARN ] [Network.MessageDistributer`1.MessageDistribute:196] - MessageDistribute thread start
2025-08-02 16:23:12,782 [9] [WARN ] [Network.MessageDistributer`1.MessageDistribute:196] - MessageDistribute thread start
2025-08-02 16:23:12,808 [6] [WARN ] [Network.MessageDistributer`1.MessageDistribute:196] - MessageDistribute thread start
2025-08-02 16:23:12,807 [14] [WARN ] [Network.MessageDistributer`1.MessageDistribute:196] - MessageDistribute thread start
2025-08-02 16:23:12,807 [17] [WARN ] [Network.MessageDistributer`1.MessageDistribute:196] - MessageDistribute thread start
2025-08-02 16:23:12,885 [1] [WARN ] [Network.NetService.Start:32] - NetService Started
2025-08-02 18:23:22,477 [1] [INFO ] [GameServer.Program.Main:20] - Game Server Init
2025-08-02 18:23:22,704 [1] [WARN ] [Network.NetService.Start:28] - Starting Listener...
2025-08-02 18:23:22,715 [5] [WARN ] [Network.MessageDistributer`1.MessageDistribute:196] - MessageDistribute thread start
2025-08-02 18:23:22,715 [6] [WARN ] [Network.MessageDistributer`1.MessageDistribute:196] - MessageDistribute thread start
2025-08-02 18:23:22,715 [18] [WARN ] [Network.MessageDistributer`1.MessageDistribute:196] - MessageDistribute thread start
2025-08-02 18:23:22,716 [12] [WARN ] [Network.MessageDistributer`1.MessageDistribute:196] - MessageDistribute thread start
2025-08-02 18:23:22,715 [9] [WARN ] [Network.MessageDistributer`1.MessageDistribute:196] - MessageDistribute thread start
2025-08-02 18:23:22,742 [7] [WARN ] [Network.MessageDistributer`1.MessageDistribute:196] - MessageDistribute thread start
2025-08-02 18:23:22,742 [17] [WARN ] [Network.MessageDistributer`1.MessageDistribute:196] - MessageDistribute thread start
2025-08-02 18:23:22,742 [14] [WARN ] [Network.MessageDistributer`1.MessageDistribute:196] - MessageDistribute thread start
2025-08-02 18:23:22,818 [1] [WARN ] [Network.NetService.Start:32] - NetService Started
2025-08-02 18:23:33,095 [3] [WARN ] [Network.NetService.OnSocketConnected:59] - Client[127.0.0.1:12220]] Connected
2025-08-02 18:23:33,137 [3] [WARN ] [Network.NetService.DataReceived:82] - Client[] DataReceived Len:26
2025-08-02 18:23:33,210 [5] [INFO ] [GameServer.Services.UserService.OnLogin:56] - UserLoginRequest: User:testreg  Pass:regpass
2025-08-02 22:40:13,348 [3] [WARN ] [Network.NetService.Disconnected:71] - Client[] Disconnected