
2026-01-05 19:29:03,414 [1] [INFO ] [GameServer.Program.Main:20] - Game Server Init
2026-01-05 19:29:03,439 [1] [INFO ] [GameServer.Managers.DataManager..ctor:28] - DataManager > DataManager()
2026-01-05 19:29:03,440 [1] [INFO ] [GameServer.Managers.DataManager.Init:36] - DataManager.Init: DataDirectory=F:\Git\MyMMORPG\Src\Server\GameServer\GameServer\bin\Debug\Data\
2026-01-05 19:29:03,577 [1] [INFO ] [GameServer.Managers.DataManager.Load:66] - DataManager.Load: Maps=4 Characters=6 Teleporters=8
2026-01-05 19:29:03,578 [1] [INFO ] [GameServer.Managers.MapManager.Init:21] - MapManager: Loaded Map 1:∞¬Ãÿ¿º
2026-01-05 19:29:03,579 [1] [INFO ] [GameServer.Managers.MapManager.Init:21] - MapManager: Loaded Map 2:“∞Õ‚1
2026-01-05 19:29:03,580 [1] [INFO ] [GameServer.Managers.MapManager.Init:21] - MapManager: Loaded Map 3:“∞Õ‚2
2026-01-05 19:29:03,580 [1] [INFO ] [GameServer.Managers.MapManager.Init:21] - MapManager: Loaded Map 4:∏±±æ1
2026-01-05 19:29:03,972 [1] [WARN ] [Network.NetService.Start:34] - Starting Listener...
2026-01-05 19:29:04,033 [7] [WARN ] [Network.MessageDistributer`1.MessageDistribute:196] - MessageDistribute thread start
2026-01-05 19:29:04,033 [10] [WARN ] [Network.MessageDistributer`1.MessageDistribute:196] - MessageDistribute thread start
2026-01-05 19:29:04,033 [11] [WARN ] [Network.MessageDistributer`1.MessageDistribute:196] - MessageDistribute thread start
2026-01-05 19:29:04,033 [12] [WARN ] [Network.MessageDistributer`1.MessageDistribute:196] - MessageDistribute thread start
2026-01-05 19:29:04,033 [8] [WARN ] [Network.MessageDistributer`1.MessageDistribute:196] - MessageDistribute thread start
2026-01-05 19:29:04,035 [5] [WARN ] [Network.MessageDistributer`1.MessageDistribute:196] - MessageDistribute thread start
2026-01-05 19:29:04,045 [6] [WARN ] [Network.MessageDistributer`1.MessageDistribute:196] - MessageDistribute thread start
2026-01-05 19:29:04,045 [9] [WARN ] [Network.MessageDistributer`1.MessageDistribute:196] - MessageDistribute thread start
2026-01-05 19:29:04,083 [1] [WARN ] [Network.NetService.Start:38] - NetService Started
2026-01-05 19:29:37,851 [3] [WARN ] [Network.NetService.OnSocketConnected:69] - Client[127.0.0.1:2289]] Connected
2026-01-05 19:29:37,893 [3] [WARN ] [Network.NetService.DataReceived:92] - Client[] DataReceived Len:26
2026-01-05 19:29:37,985 [5] [INFO ] [GameServer.Services.UserService.OnLogin:99] - UserLoginRequest: User:testreg  Pass:regpass
2026-01-05 19:30:04,928 [3] [WARN ] [Network.NetService.Disconnected:81] - Client[] Disconnected
2026-01-05 19:32:11,736 [15] [WARN ] [Network.NetService.OnSocketConnected:69] - Client[127.0.0.1:3679]] Connected
2026-01-05 19:32:11,780 [15] [WARN ] [Network.NetService.DataReceived:92] - Client[] DataReceived Len:26
2026-01-05 19:32:11,780 [5] [INFO ] [GameServer.Services.UserService.OnLogin:99] - UserLoginRequest: User:testreg  Pass:regpass
2026-01-05 19:32:17,836 [16] [WARN ] [Network.NetService.DataReceived:92] - Client[] DataReceived Len:10
2026-01-05 19:32:17,838 [5] [INFO ] [GameServer.Services.UserService.OnGameEnter:308] - UserGameEnterRequest: characterIdx:1
2026-01-05 19:32:17,839 [5] [INFO ] [GameServer.Services.UserService.OnGameEnter:332] - UserGameEnterRequest: characterID:8:µÀ»Ÿ»Ÿ Map:1
2026-01-05 19:32:17,842 [5] [INFO ] [GameServer.Models.Map.CharacterEnter:68] - CharacterEnter: Map:1 characterId:0
2026-01-05 19:34:05,203 [16] [WARN ] [Network.NetService.Disconnected:81] - Client[] Disconnected
2026-01-05 19:43:25,766 [37] [WARN ] [Network.NetService.OnSocketConnected:69] - Client[127.0.0.1:8674]] Connected
2026-01-05 19:43:25,809 [37] [WARN ] [Network.NetService.DataReceived:92] - Client[] DataReceived Len:26
2026-01-05 19:43:25,810 [5] [INFO ] [GameServer.Services.UserService.OnLogin:99] - UserLoginRequest: User:testreg  Pass:regpass
2026-01-05 19:43:26,849 [42] [WARN ] [Network.NetService.DataReceived:92] - Client[] DataReceived Len:8
2026-01-05 19:43:26,850 [5] [INFO ] [GameServer.Services.UserService.OnGameEnter:308] - UserGameEnterRequest: characterIdx:0
2026-01-05 19:43:26,850 [5] [INFO ] [GameServer.Services.UserService.OnGameEnter:332] - UserGameEnterRequest: characterID:7:Õı∫∆∫∆ Map:1
2026-01-05 19:43:26,850 [5] [INFO ] [GameServer.Models.Map.CharacterEnter:68] - CharacterEnter: Map:1 characterId:0
2026-01-05 19:48:45,485 [1] [INFO ] [GameServer.Program.Main:20] - Game Server Init
2026-01-05 19:48:45,502 [1] [INFO ] [GameServer.Managers.DataManager..ctor:28] - DataManager > DataManager()
2026-01-05 19:48:45,504 [1] [INFO ] [GameServer.Managers.DataManager.Init:36] - DataManager.Init: DataDirectory=F:\Git\MyMMORPG\Src\Server\GameServer\GameServer\bin\Debug\Data\
2026-01-05 19:48:45,535 [1] [INFO ] [GameServer.Managers.DataManager.Load:66] - DataManager.Load: Maps=4 Characters=6 Teleporters=8
2026-01-05 19:48:45,536 [1] [INFO ] [GameServer.Managers.MapManager.Init:21] - MapManager: Loaded Map 1:∞¬Ãÿ¿º
2026-01-05 19:48:45,537 [1] [INFO ] [GameServer.Managers.MapManager.Init:21] - MapManager: Loaded Map 2:“∞Õ‚1
2026-01-05 19:48:45,537 [1] [INFO ] [GameServer.Managers.MapManager.Init:21] - MapManager: Loaded Map 3:“∞Õ‚2
2026-01-05 19:48:45,537 [1] [INFO ] [GameServer.Managers.MapManager.Init:21] - MapManager: Loaded Map 4:∏±±æ1
2026-01-05 19:48:45,651 [1] [WARN ] [Network.NetService.Start:34] - Starting Listener...
2026-01-05 19:48:45,723 [15] [WARN ] [Network.MessageDistributer`1.MessageDistribute:196] - MessageDistribute thread start
2026-01-05 19:48:45,723 [5] [WARN ] [Network.MessageDistributer`1.MessageDistribute:196] - MessageDistribute thread start
2026-01-05 19:48:45,723 [12] [WARN ] [Network.MessageDistributer`1.MessageDistribute:196] - MessageDistribute thread start
2026-01-05 19:48:45,724 [16] [WARN ] [Network.MessageDistributer`1.MessageDistribute:196] - MessageDistribute thread start
2026-01-05 19:48:45,723 [6] [WARN ] [Network.MessageDistributer`1.MessageDistribute:196] - MessageDistribute thread start
2026-01-05 19:48:45,726 [8] [WARN ] [Network.MessageDistributer`1.MessageDistribute:196] - MessageDistribute thread start
2026-01-05 19:48:45,726 [9] [WARN ] [Network.MessageDistributer`1.MessageDistribute:196] - MessageDistribute thread start
2026-01-05 19:48:45,738 [7] [WARN ] [Network.MessageDistributer`1.MessageDistribute:196] - MessageDistribute thread start
2026-01-05 19:48:45,769 [1] [WARN ] [Network.NetService.Start:38] - NetService Started
2026-01-05 19:49:12,261 [3] [WARN ] [Network.NetService.OnSocketConnected:69] - Client[127.0.0.1:8537]] Connected
2026-01-05 19:49:12,302 [3] [WARN ] [Network.NetService.DataReceived:92] - Client[] DataReceived Len:26
2026-01-05 19:49:12,376 [5] [INFO ] [GameServer.Services.UserService.OnLogin:99] - UserLoginRequest: User:testreg  Pass:regpass
2026-01-05 19:49:14,720 [10] [WARN ] [Network.NetService.DataReceived:92] - Client[] DataReceived Len:8
2026-01-05 19:49:14,722 [6] [INFO ] [GameServer.Services.UserService.OnGameEnter:308] - UserGameEnterRequest: characterIdx:0
2026-01-05 19:49:14,722 [6] [INFO ] [GameServer.Services.UserService.OnGameEnter:332] - UserGameEnterRequest: characterID:7:Õı∫∆∫∆ Map:1
2026-01-05 19:49:14,725 [6] [INFO ] [GameServer.Models.Map.CharacterEnter:68] - CharacterEnter: Map:1 characterId:0
2026-01-05 19:52:54,802 [10] [WARN ] [Network.NetService.Disconnected:81] - Client[] Disconnected
2026-01-05 19:57:35,636 [14] [WARN ] [Network.NetService.OnSocketConnected:69] - Client[127.0.0.1:14172]] Connected
2026-01-05 19:57:35,678 [14] [WARN ] [Network.NetService.DataReceived:92] - Client[] DataReceived Len:26
2026-01-05 19:57:35,678 [5] [INFO ] [GameServer.Services.UserService.OnLogin:99] - UserLoginRequest: User:testreg  Pass:regpass
2026-01-05 19:57:37,333 [26] [WARN ] [Network.NetService.DataReceived:92] - Client[] DataReceived Len:10
2026-01-05 19:57:37,335 [5] [INFO ] [GameServer.Services.UserService.OnGameEnter:308] - UserGameEnterRequest: characterIdx:1
2026-01-05 19:57:37,335 [5] [INFO ] [GameServer.Services.UserService.OnGameEnter:332] - UserGameEnterRequest: characterID:8:µÀ»Ÿ»Ÿ Map:1
2026-01-05 19:57:37,336 [5] [INFO ] [GameServer.Models.Map.CharacterEnter:68] - CharacterEnter: Map:1 characterId:0
2026-01-05 19:58:05,180 [26] [WARN ] [Network.NetService.Disconnected:81] - Client[] Disconnected
2026-01-05 19:58:57,444 [28] [WARN ] [Network.NetService.OnSocketConnected:69] - Client[127.0.0.1:11574]] Connected
2026-01-05 19:58:57,487 [28] [WARN ] [Network.NetService.DataReceived:92] - Client[] DataReceived Len:26
2026-01-05 19:58:57,487 [5] [INFO ] [GameServer.Services.UserService.OnLogin:99] - UserLoginRequest: User:testreg  Pass:regpass
2026-01-05 19:58:59,126 [32] [WARN ] [Network.NetService.DataReceived:92] - Client[] DataReceived Len:8
2026-01-05 19:58:59,127 [5] [INFO ] [GameServer.Services.UserService.OnGameEnter:308] - UserGameEnterRequest: characterIdx:0
2026-01-05 19:58:59,127 [5] [INFO ] [GameServer.Services.UserService.OnGameEnter:332] - UserGameEnterRequest: characterID:7:Õı∫∆∫∆ Map:1
2026-01-05 19:58:59,128 [5] [INFO ] [GameServer.Models.Map.CharacterEnter:68] - CharacterEnter: Map:1 characterId:0
2026-01-05 20:09:19,420 [1] [INFO ] [GameServer.Program.Main:20] - Game Server Init
2026-01-05 20:09:19,438 [1] [INFO ] [GameServer.Managers.DataManager..ctor:28] - DataManager > DataManager()
2026-01-05 20:09:19,440 [1] [INFO ] [GameServer.Managers.DataManager.Init:36] - DataManager.Init: DataDirectory=F:\Git\MyMMORPG\Src\Server\GameServer\GameServer\bin\Debug\Data\
2026-01-05 20:09:19,480 [1] [INFO ] [GameServer.Managers.DataManager.Load:66] - DataManager.Load: Maps=4 Characters=6 Teleporters=8
2026-01-05 20:09:19,482 [1] [INFO ] [GameServer.Managers.MapManager.Init:21] - MapManager: Loaded Map 1:∞¬Ãÿ¿º
2026-01-05 20:09:19,482 [1] [INFO ] [GameServer.Managers.MapManager.Init:21] - MapManager: Loaded Map 2:“∞Õ‚1
2026-01-05 20:09:19,482 [1] [INFO ] [GameServer.Managers.MapManager.Init:21] - MapManager: Loaded Map 3:“∞Õ‚2
2026-01-05 20:09:19,482 [1] [INFO ] [GameServer.Managers.MapManager.Init:21] - MapManager: Loaded Map 4:∏±±æ1
2026-01-05 20:09:19,613 [1] [WARN ] [Network.NetService.Start:34] - Starting Listener...
2026-01-05 20:09:19,639 [5] [WARN ] [Network.MessageDistributer`1.MessageDistribute:196] - MessageDistribute thread start
2026-01-05 20:09:19,640 [13] [WARN ] [Network.MessageDistributer`1.MessageDistribute:196] - MessageDistribute thread start
2026-01-05 20:09:19,640 [16] [WARN ] [Network.MessageDistributer`1.MessageDistribute:196] - MessageDistribute thread start
2026-01-05 20:09:19,640 [7] [WARN ] [Network.MessageDistributer`1.MessageDistribute:196] - MessageDistribute thread start
2026-01-05 20:09:19,641 [6] [WARN ] [Network.MessageDistributer`1.MessageDistribute:196] - MessageDistribute thread start
2026-01-05 20:09:19,642 [14] [WARN ] [Network.MessageDistributer`1.MessageDistribute:196] - MessageDistribute thread start
2026-01-05 20:09:19,642 [17] [WARN ] [Network.MessageDistributer`1.MessageDistribute:196] - MessageDistribute thread start
2026-01-05 20:09:19,644 [19] [WARN ] [Network.MessageDistributer`1.MessageDistribute:196] - MessageDistribute thread start
2026-01-05 20:09:19,717 [1] [WARN ] [Network.NetService.Start:38] - NetService Started
2026-01-05 20:09:26,694 [3] [WARN ] [Network.NetService.OnSocketConnected:69] - Client[127.0.0.1:13446]] Connected
2026-01-05 20:09:26,734 [3] [WARN ] [Network.NetService.DataReceived:92] - Client[] DataReceived Len:26
2026-01-05 20:09:26,808 [5] [INFO ] [GameServer.Services.UserService.OnLogin:99] - UserLoginRequest: User:testreg  Pass:regpass
2026-01-05 20:09:30,997 [21] [WARN ] [Network.NetService.DataReceived:92] - Client[] DataReceived Len:10
2026-01-05 20:09:30,999 [6] [INFO ] [GameServer.Services.UserService.OnDeleteCharacter:235] - UserDeleteCharacterRequest: Id:7
2026-01-05 20:09:31,000 [6] [INFO ] [GameServer.Services.UserService.OnDeleteCharacter:254] - DeleteChar PlayerId:15 CurrentCount:2
2026-01-05 20:09:31,000 [6] [INFO ] [GameServer.Services.UserService.OnDeleteCharacter:269] - DeleteChar removing: Id:7 Name:Õı∫∆∫∆
2026-01-05 20:09:31,326 [6] [INFO ] [GameServer.Services.UserService.OnDeleteCharacter:297] - DeleteChar success, RemainingCount:1
2026-01-05 20:09:33,800 [21] [WARN ] [Network.NetService.DataReceived:92] - Client[] DataReceived Len:10
2026-01-05 20:09:33,800 [5] [INFO ] [GameServer.Services.UserService.OnDeleteCharacter:235] - UserDeleteCharacterRequest: Id:8
2026-01-05 20:09:33,801 [5] [INFO ] [GameServer.Services.UserService.OnDeleteCharacter:254] - DeleteChar PlayerId:15 CurrentCount:1
2026-01-05 20:09:33,801 [5] [INFO ] [GameServer.Services.UserService.OnDeleteCharacter:269] - DeleteChar removing: Id:8 Name:µÀ»Ÿ»Ÿ
2026-01-05 20:09:33,806 [5] [INFO ] [GameServer.Services.UserService.OnDeleteCharacter:297] - DeleteChar success, RemainingCount:0
2026-01-05 20:09:45,118 [21] [WARN ] [Network.NetService.DataReceived:92] - Client[] DataReceived Len:21
2026-01-05 20:09:45,120 [5] [INFO ] [GameServer.Services.UserService.OnCreateCharacter:163] - UserCreateCharacterRequest: Name:µÀ»Ÿ»Ÿ  Class:Archer
2026-01-05 20:10:01,224 [3] [WARN ] [Network.NetService.DataReceived:92] - Client[] DataReceived Len:21
2026-01-05 20:10:01,224 [5] [INFO ] [GameServer.Services.UserService.OnCreateCharacter:163] - UserCreateCharacterRequest: Name:Õı∫∆∫∆  Class:Wizard
2026-01-05 20:10:05,713 [15] [WARN ] [Network.NetService.DataReceived:92] - Client[] DataReceived Len:10
2026-01-05 20:10:05,715 [5] [INFO ] [GameServer.Services.UserService.OnGameEnter:308] - UserGameEnterRequest: characterIdx:1
2026-01-05 20:10:05,715 [5] [INFO ] [GameServer.Services.UserService.OnGameEnter:332] - UserGameEnterRequest: characterID:14:Õı∫∆∫∆ Map:1
2026-01-05 20:10:05,718 [5] [INFO ] [GameServer.Models.Map.CharacterEnter:68] - CharacterEnter: Map:1 characterId:0
2026-01-05 20:13:57,822 [15] [WARN ] [Network.NetService.Disconnected:81] - Client[] Disconnected
2026-01-05 20:14:32,266 [8] [WARN ] [Network.NetService.OnSocketConnected:69] - Client[127.0.0.1:4711]] Connected
2026-01-05 20:14:32,308 [8] [WARN ] [Network.NetService.DataReceived:92] - Client[] DataReceived Len:26
2026-01-05 20:14:32,308 [5] [INFO ] [GameServer.Services.UserService.OnLogin:99] - UserLoginRequest: User:testreg  Pass:regpass
2026-01-05 20:14:34,236 [18] [WARN ] [Network.NetService.DataReceived:92] - Client[] DataReceived Len:8
2026-01-05 20:14:34,236 [5] [INFO ] [GameServer.Services.UserService.OnGameEnter:308] - UserGameEnterRequest: characterIdx:0
2026-01-05 20:14:34,237 [5] [INFO ] [GameServer.Services.UserService.OnGameEnter:332] - UserGameEnterRequest: characterID:13:µÀ»Ÿ»Ÿ Map:1
2026-01-05 20:14:34,237 [5] [INFO ] [GameServer.Models.Map.CharacterEnter:68] - CharacterEnter: Map:1 characterId:0
2026-01-05 20:14:56,530 [18] [WARN ] [Network.NetService.Disconnected:81] - Client[] Disconnected
2026-01-05 20:17:21,861 [20] [WARN ] [Network.NetService.OnSocketConnected:69] - Client[127.0.0.1:14039]] Connected
2026-01-05 20:17:21,904 [20] [WARN ] [Network.NetService.DataReceived:92] - Client[] DataReceived Len:26
2026-01-05 20:17:21,905 [5] [INFO ] [GameServer.Services.UserService.OnLogin:99] - UserLoginRequest: User:testreg  Pass:regpass
2026-01-05 20:17:24,747 [28] [WARN ] [Network.NetService.DataReceived:92] - Client[] DataReceived Len:10
2026-01-05 20:17:24,748 [5] [INFO ] [GameServer.Services.UserService.OnGameEnter:308] - UserGameEnterRequest: characterIdx:1
2026-01-05 20:17:24,748 [5] [INFO ] [GameServer.Services.UserService.OnGameEnter:332] - UserGameEnterRequest: characterID:14:Õı∫∆∫∆ Map:1
2026-01-05 20:17:24,748 [5] [INFO ] [GameServer.Models.Map.CharacterEnter:68] - CharacterEnter: Map:1 characterId:0
2026-01-05 20:18:47,137 [28] [WARN ] [Network.NetService.Disconnected:81] - Client[] Disconnected