2025-12-06 11:49:19,872 [1] DEBUG [Codice.LogWrapper.NetLogger.Debug:0] - AppDomainUnload
2025-12-06 14:23:23,873 [1] INFO  [LoadingManager+<Start>d__6.MoveNext:37] - LoadingManager start
2025-12-06 14:23:27,484 [1] INFO  [UnityEngine.Application.CallLogCallback:0] - DataManager > DataManager()
2025-12-06 14:23:49,827 [1] INFO  [Services.UserService.SendLogin:215] - UserLoginRequest::user :testreg psw:regpass
2025-12-06 14:23:49,828 [1] INFO  [Services.UserService.ConnectToServer:51] - ConnectToServer() Start 
2025-12-06 14:23:49,829 [1] INFO  [Network.NetClient.Connect:228] - DoConnect
2025-12-06 14:23:49,831 [1] INFO  [Network.NetClient.DoConnect:333] - NetClient.DoConnect on 127.0.0.1:8000
2025-12-06 14:23:49,832 [1] INFO  [Network.NetClient.DoConnect:345] - Connect[0] to server 127.0.0.1:8000

2025-12-06 14:23:49,834 [1] INFO  [Services.UserService.OnGameServerConnect:60] - LoadingMesager::OnGameServerConnect :0 reason:Success
2025-12-06 14:23:52,482 [1] INFO  [Services.UserService.OnUserLogin:247] - OnUserLogin:Success [登录成功]
2025-12-06 14:23:52,489 [1] INFO  [SceneManager+<LoadLevel>d__4.MoveNext:30] - LoadLevel: CharSelect
2025-12-06 14:23:52,617 [1] INFO  [SceneManager.LevelLoadCompleted:46] - LevelLoadCompleted:1
2025-12-06 14:23:58,207 [1] INFO  [UnityEngine.Application.CallLogCallback:0] - Select Char:[2]123[Warrior]
2025-12-06 14:23:59,097 [1] INFO  [UnityEngine.Application.CallLogCallback:0] - Select Char:[1]moonshooter[Archer]
2025-12-06 14:23:59,704 [1] INFO  [UnityEngine.Application.CallLogCallback:0] - Select Char:[2]123[Warrior]
2025-12-06 14:24:03,023 [1] INFO  [Services.UserService.SendDeleteCharacter:188] - UserDeleteCharacterRequest::Id :2
2025-12-06 14:24:15,462 [1] INFO  [UnityEngine.Application.CallLogCallback:0] - Select Char:[3]邓荣荣[Archer]
2025-12-06 14:24:15,895 [1] INFO  [UnityEngine.Application.CallLogCallback:0] - Select Char:[2]123[Warrior]
2025-12-06 14:24:16,511 [1] INFO  [UnityEngine.Application.CallLogCallback:0] - Select Char:[3]邓荣荣[Archer]
2025-12-06 14:24:26,892 [1] INFO  [UnityEngine.Application.CallLogCallback:0] - Select Char:[2]123[Warrior]
2025-12-06 14:25:36,762 [1] INFO  [Network.NetClient.OnDestroy:240] - OnDestroy NetworkManager.
2025-12-06 14:25:36,762 [1] WARN  [Network.NetClient.CloseConnection:250] - CloseConnection(), errorCode: 1007
2025-12-06 14:25:38,573 [1] DEBUG [Codice.LogWrapper.NetLogger.Debug:0] - AppDomainUnload
2025-12-06 14:25:41,000 [1] INFO  [LoadingManager+<Start>d__6.MoveNext:37] - LoadingManager start
2025-12-06 14:25:44,634 [1] INFO  [UnityEngine.Application.CallLogCallback:0] - DataManager > DataManager()
2025-12-06 14:26:35,461 [1] INFO  [Services.UserService.SendLogin:215] - UserLoginRequest::user :testreg psw:regpass
2025-12-06 14:26:35,463 [1] INFO  [Services.UserService.ConnectToServer:51] - ConnectToServer() Start 
2025-12-06 14:26:35,464 [1] INFO  [Network.NetClient.Connect:228] - DoConnect
2025-12-06 14:26:35,466 [1] INFO  [Network.NetClient.DoConnect:333] - NetClient.DoConnect on 127.0.0.1:8000
2025-12-06 14:26:35,467 [1] INFO  [Network.NetClient.DoConnect:345] - Connect[0] to server 127.0.0.1:8000

2025-12-06 14:26:35,468 [1] INFO  [Services.UserService.OnGameServerConnect:60] - LoadingMesager::OnGameServerConnect :0 reason:Success
2025-12-06 14:26:35,543 [1] INFO  [Services.UserService.OnUserLogin:247] - OnUserLogin:Success [登录成功]
2025-12-06 14:26:35,547 [1] INFO  [SceneManager+<LoadLevel>d__4.MoveNext:30] - LoadLevel: CharSelect
2025-12-06 14:26:35,600 [1] INFO  [SceneManager.LevelLoadCompleted:46] - LevelLoadCompleted:1
2025-12-06 14:34:37,956 [1] INFO  [Network.NetClient.OnDestroy:240] - OnDestroy NetworkManager.
2025-12-06 14:34:37,957 [1] WARN  [Network.NetClient.CloseConnection:250] - CloseConnection(), errorCode: 1007
2025-12-06 14:50:29,558 [1] DEBUG [Codice.LogWrapper.NetLogger.Debug:0] - AppDomainUnload
2025-12-06 14:50:32,007 [1] INFO  [LoadingManager+<Start>d__6.MoveNext:37] - LoadingManager start
2025-12-06 14:50:35,617 [1] INFO  [UnityEngine.Application.CallLogCallback:0] - DataManager > DataManager()
2025-12-06 14:50:38,824 [1] INFO  [Services.UserService.SendLogin:215] - UserLoginRequest::user :testreg psw:regpass
2025-12-06 14:50:38,825 [1] INFO  [Services.UserService.ConnectToServer:51] - ConnectToServer() Start 
2025-12-06 14:50:38,826 [1] INFO  [Network.NetClient.Connect:228] - DoConnect
2025-12-06 14:50:38,828 [1] INFO  [Network.NetClient.DoConnect:333] - NetClient.DoConnect on 127.0.0.1:8000
2025-12-06 14:50:38,829 [1] INFO  [Network.NetClient.DoConnect:345] - Connect[0] to server 127.0.0.1:8000

2025-12-06 14:50:38,830 [1] INFO  [Services.UserService.OnGameServerConnect:60] - LoadingMesager::OnGameServerConnect :0 reason:Success
2025-12-06 14:50:40,540 [1] INFO  [Services.UserService.OnUserLogin:247] - OnUserLogin:Success [登录成功]
2025-12-06 14:50:40,544 [1] INFO  [SceneManager+<LoadLevel>d__4.MoveNext:30] - LoadLevel: CharSelect
2025-12-06 14:50:40,594 [1] INFO  [SceneManager.LevelLoadCompleted:46] - LevelLoadCompleted:1
2025-12-06 14:50:43,310 [1] INFO  [Services.UserService.SendDeleteCharacter:188] - UserDeleteCharacterRequest::Id :2
2025-12-06 14:51:22,290 [1] INFO  [UnityEngine.Application.CallLogCallback:0] - Select Char:[3]邓荣荣[Archer]
2025-12-06 14:51:39,668 [1] INFO  [UnityEngine.Application.CallLogCallback:0] - Select Char:[4]小小战士[Warrior]
2025-12-06 15:18:58,771 [1] DEBUG [Codice.LogWrapper.NetLogger.Debug:0] - AppDomainUnload
2025-12-06 15:22:51,362 [1] INFO  [LoadingManager+<Start>d__6.MoveNext:37] - LoadingManager start
2025-12-06 15:22:54,883 [1] INFO  [UnityEngine.Application.CallLogCallback:0] - DataManager > DataManager()
2025-12-06 15:22:59,547 [1] INFO  [Services.UserService.SendLogin:215] - UserLoginRequest::user :testreg psw:regpass
2025-12-06 15:22:59,548 [1] INFO  [Services.UserService.ConnectToServer:51] - ConnectToServer() Start 
2025-12-06 15:22:59,549 [1] INFO  [Network.NetClient.Connect:228] - DoConnect
2025-12-06 15:22:59,550 [1] INFO  [Network.NetClient.DoConnect:333] - NetClient.DoConnect on 127.0.0.1:8000
2025-12-06 15:22:59,551 [1] INFO  [Network.NetClient.DoConnect:345] - Connect[0] to server 127.0.0.1:8000

2025-12-06 15:22:59,552 [1] INFO  [Services.UserService.OnGameServerConnect:60] - LoadingMesager::OnGameServerConnect :0 reason:Success
2025-12-06 15:23:01,732 [1] INFO  [Services.UserService.OnUserLogin:247] - OnUserLogin:Success [登录成功]
2025-12-06 15:23:01,739 [1] INFO  [SceneManager+<LoadLevel>d__4.MoveNext:30] - LoadLevel: CharSelect
2025-12-06 15:23:01,802 [1] INFO  [SceneManager.LevelLoadCompleted:46] - LevelLoadCompleted:1
2025-12-06 15:23:03,937 [1] INFO  [UnityEngine.Application.CallLogCallback:0] - UICharacterSelect OnClickDeleteById charId:2
2025-12-06 15:23:09,413 [1] INFO  [Services.UserService.SendDeleteCharacter:188] - UserDeleteCharacterRequest::Id :2
2025-12-06 15:23:39,059 [1] INFO  [UnityEngine.Application.CallLogCallback:0] - Select Char:[2]123[Warrior]
2025-12-06 15:23:40,471 [1] INFO  [UnityEngine.Application.CallLogCallback:0] - Select Char:[2]123[Warrior]
2025-12-06 15:23:41,026 [1] INFO  [UnityEngine.Application.CallLogCallback:0] - Select Char:[1]moonshooter[Archer]
2025-12-06 15:23:41,532 [1] INFO  [UnityEngine.Application.CallLogCallback:0] - Select Char:[2]123[Warrior]
2025-12-06 15:23:42,989 [1] INFO  [UnityEngine.Application.CallLogCallback:0] - Select Char:[2]123[Warrior]
2025-12-06 15:25:28,915 [1] INFO  [UnityEngine.Application.CallLogCallback:0] - Select Char:[6]王浩浩[Wizard]
2025-12-06 15:25:29,325 [1] INFO  [UnityEngine.Application.CallLogCallback:0] - Select Char:[5]小小法师[Wizard]
2025-12-06 15:25:30,734 [1] INFO  [UnityEngine.Application.CallLogCallback:0] - Select Char:[5]小小法师[Wizard]
2025-12-06 15:25:31,161 [1] INFO  [UnityEngine.Application.CallLogCallback:0] - Select Char:[4]小小战士[Warrior]
2025-12-06 15:25:31,634 [1] INFO  [UnityEngine.Application.CallLogCallback:0] - Select Char:[5]小小法师[Wizard]
2025-12-06 15:25:31,995 [1] INFO  [UnityEngine.Application.CallLogCallback:0] - Select Char:[6]王浩浩[Wizard]
2025-12-06 15:25:33,245 [1] INFO  [UnityEngine.Application.CallLogCallback:0] - Select Char:[3]邓荣荣[Archer]
2025-12-06 15:25:33,553 [1] INFO  [UnityEngine.Application.CallLogCallback:0] - Select Char:[2]123[Warrior]
2025-12-06 15:25:33,882 [1] INFO  [UnityEngine.Application.CallLogCallback:0] - Select Char:[1]moonshooter[Archer]
2025-12-06 15:25:35,238 [1] INFO  [UnityEngine.Application.CallLogCallback:0] - Select Char:[6]王浩浩[Wizard]
2025-12-06 15:25:35,765 [1] INFO  [UnityEngine.Application.CallLogCallback:0] - Select Char:[5]小小法师[Wizard]
2025-12-06 15:25:36,311 [1] INFO  [UnityEngine.Application.CallLogCallback:0] - Select Char:[5]小小法师[Wizard]
2025-12-06 15:25:36,799 [1] INFO  [UnityEngine.Application.CallLogCallback:0] - Select Char:[4]小小战士[Warrior]
2025-12-06 15:25:37,227 [1] INFO  [UnityEngine.Application.CallLogCallback:0] - Select Char:[5]小小法师[Wizard]
2025-12-06 15:25:37,541 [1] INFO  [UnityEngine.Application.CallLogCallback:0] - Select Char:[4]小小战士[Warrior]
2025-12-06 15:25:38,789 [1] INFO  [UnityEngine.Application.CallLogCallback:0] - Select Char:[1]moonshooter[Archer]
2025-12-06 15:25:39,252 [1] INFO  [UnityEngine.Application.CallLogCallback:0] - Select Char:[2]123[Warrior]
2025-12-06 15:25:39,583 [1] INFO  [UnityEngine.Application.CallLogCallback:0] - Select Char:[1]moonshooter[Archer]
2025-12-06 15:25:42,800 [1] INFO  [UnityEngine.Application.CallLogCallback:0] - Select Char:[1]moonshooter[Archer]
2025-12-06 15:25:44,109 [1] INFO  [UnityEngine.Application.CallLogCallback:0] - Select Char:[1]moonshooter[Archer]
2025-12-06 15:25:44,994 [1] INFO  [UnityEngine.Application.CallLogCallback:0] - Select Char:[1]moonshooter[Archer]
2025-12-06 15:25:45,301 [1] INFO  [UnityEngine.Application.CallLogCallback:0] - Select Char:[2]123[Warrior]
2025-12-06 15:25:46,152 [1] INFO  [UnityEngine.Application.CallLogCallback:0] - Select Char:[3]邓荣荣[Archer]
2025-12-06 15:25:51,538 [1] INFO  [UnityEngine.Application.CallLogCallback:0] - Select Char:[1]moonshooter[Archer]
2025-12-06 15:29:12,547 [1] INFO  [Network.NetClient.OnDestroy:240] - OnDestroy NetworkManager.
2025-12-06 15:29:12,547 [1] WARN  [Network.NetClient.CloseConnection:250] - CloseConnection(), errorCode: 1007
2025-12-06 15:31:04,306 [1] DEBUG [Codice.LogWrapper.NetLogger.Debug:0] - AppDomainUnload
2025-12-06 15:32:15,630 [1] INFO  [LoadingManager+<Start>d__6.MoveNext:37] - LoadingManager start
2025-12-06 15:32:19,216 [1] INFO  [UnityEngine.Application.CallLogCallback:0] - DataManager > DataManager()
2025-12-06 15:32:22,883 [1] INFO  [Services.UserService.SendLogin:215] - UserLoginRequest::user :testreg psw:regpass
2025-12-06 15:32:22,884 [1] INFO  [Services.UserService.ConnectToServer:51] - ConnectToServer() Start 
2025-12-06 15:32:22,885 [1] INFO  [Network.NetClient.Connect:228] - DoConnect
2025-12-06 15:32:22,886 [1] INFO  [Network.NetClient.DoConnect:333] - NetClient.DoConnect on 127.0.0.1:8000
2025-12-06 15:32:22,888 [1] INFO  [Network.NetClient.DoConnect:345] - Connect[0] to server 127.0.0.1:8000

2025-12-06 15:32:22,889 [1] INFO  [Services.UserService.OnGameServerConnect:60] - LoadingMesager::OnGameServerConnect :0 reason:Success
2025-12-06 15:32:24,981 [1] INFO  [Services.UserService.OnUserLogin:247] - OnUserLogin:Success [登录成功]
2025-12-06 15:32:24,986 [1] INFO  [SceneManager+<LoadLevel>d__4.MoveNext:30] - LoadLevel: CharSelect
2025-12-06 15:32:25,043 [1] INFO  [SceneManager.LevelLoadCompleted:46] - LevelLoadCompleted:1
2025-12-06 15:32:28,238 [1] INFO  [UnityEngine.Application.CallLogCallback:0] - UICharacterSelect OnClickDeleteById charId:2
2025-12-06 15:32:33,448 [1] INFO  [Services.UserService.SendDeleteCharacter:188] - UserDeleteCharacterRequest::Id :2
2025-12-06 15:32:33,635 [1] INFO  [Services.UserService.OnUserDeleteCharacter:284] - OnUserDeleteCharacter:Success [None]
2025-12-06 15:32:33,635 [1] INFO  [Services.UserService.OnUserDeleteCharacter:285] - OnUserDeleteCharacter PayloadCount:5
2025-12-06 15:32:39,065 [1] INFO  [UnityEngine.Application.CallLogCallback:0] - UICharacterSelect OnClickDeleteById charId:1
2025-12-06 15:32:39,949 [1] INFO  [Services.UserService.SendDeleteCharacter:188] - UserDeleteCharacterRequest::Id :1
2025-12-06 15:32:39,959 [1] INFO  [Services.UserService.OnUserDeleteCharacter:284] - OnUserDeleteCharacter:Success [None]
2025-12-06 15:32:39,959 [1] INFO  [Services.UserService.OnUserDeleteCharacter:285] - OnUserDeleteCharacter PayloadCount:4
2025-12-06 15:32:42,028 [1] INFO  [UnityEngine.Application.CallLogCallback:0] - UICharacterSelect OnClickDeleteById charId:4
2025-12-06 15:32:42,676 [1] INFO  [Services.UserService.SendDeleteCharacter:188] - UserDeleteCharacterRequest::Id :4
2025-12-06 15:32:42,688 [1] INFO  [Services.UserService.OnUserDeleteCharacter:284] - OnUserDeleteCharacter:Success [None]
2025-12-06 15:32:42,690 [1] INFO  [Services.UserService.OnUserDeleteCharacter:285] - OnUserDeleteCharacter PayloadCount:3
2025-12-06 15:32:43,582 [1] INFO  [UnityEngine.Application.CallLogCallback:0] - UICharacterSelect OnClickDeleteById charId:5
2025-12-06 15:32:44,356 [1] INFO  [Services.UserService.SendDeleteCharacter:188] - UserDeleteCharacterRequest::Id :5
2025-12-06 15:32:48,414 [1] INFO  [Services.UserService.OnUserDeleteCharacter:284] - OnUserDeleteCharacter:Success [None]
2025-12-06 15:32:48,415 [1] INFO  [Services.UserService.OnUserDeleteCharacter:285] - OnUserDeleteCharacter PayloadCount:2
2025-12-06 15:32:56,551 [1] INFO  [UnityEngine.Application.CallLogCallback:0] - Select Char:[3]邓荣荣[Archer]
2025-12-06 15:32:57,034 [1] INFO  [UnityEngine.Application.CallLogCallback:0] - Select Char:[6]王浩浩[Wizard]
2025-12-06 15:32:57,617 [1] INFO  [UnityEngine.Application.CallLogCallback:0] - Select Char:[3]邓荣荣[Archer]
2025-12-06 15:32:57,941 [1] INFO  [UnityEngine.Application.CallLogCallback:0] - Select Char:[6]王浩浩[Wizard]
2025-12-06 15:32:58,485 [1] INFO  [UnityEngine.Application.CallLogCallback:0] - Select Char:[3]邓荣荣[Archer]
2025-12-06 15:32:59,147 [1] INFO  [UnityEngine.Application.CallLogCallback:0] - Select Char:[6]王浩浩[Wizard]
2025-12-06 15:32:59,485 [1] INFO  [UnityEngine.Application.CallLogCallback:0] - Select Char:[3]邓荣荣[Archer]
2025-12-06 15:33:02,039 [1] INFO  [UnityEngine.Application.CallLogCallback:0] - Select Char:[3]邓荣荣[Archer]
2025-12-06 15:33:02,380 [1] INFO  [UnityEngine.Application.CallLogCallback:0] - Select Char:[6]王浩浩[Wizard]
2025-12-06 15:33:02,687 [1] INFO  [UnityEngine.Application.CallLogCallback:0] - Select Char:[3]邓荣荣[Archer]
2025-12-06 15:33:03,060 [1] INFO  [UnityEngine.Application.CallLogCallback:0] - Select Char:[6]王浩浩[Wizard]
2025-12-06 15:33:03,404 [1] INFO  [UnityEngine.Application.CallLogCallback:0] - Select Char:[3]邓荣荣[Archer]
2025-12-06 15:33:03,804 [1] INFO  [UnityEngine.Application.CallLogCallback:0] - Select Char:[6]王浩浩[Wizard]
2025-12-06 15:33:04,192 [1] INFO  [UnityEngine.Application.CallLogCallback:0] - Select Char:[3]邓荣荣[Archer]
2025-12-06 15:33:04,606 [1] INFO  [UnityEngine.Application.CallLogCallback:0] - Select Char:[6]王浩浩[Wizard]
2025-12-06 15:33:05,012 [1] INFO  [UnityEngine.Application.CallLogCallback:0] - Select Char:[3]邓荣荣[Archer]
2025-12-06 15:33:05,596 [1] INFO  [UnityEngine.Application.CallLogCallback:0] - Select Char:[6]王浩浩[Wizard]
2025-12-06 15:33:05,924 [1] INFO  [UnityEngine.Application.CallLogCallback:0] - Select Char:[3]邓荣荣[Archer]
2025-12-06 15:33:08,463 [1] INFO  [UnityEngine.Application.CallLogCallback:0] - Select Char:[6]王浩浩[Wizard]
2025-12-06 15:33:08,896 [1] INFO  [UnityEngine.Application.CallLogCallback:0] - Select Char:[3]邓荣荣[Archer]
2025-12-06 15:33:30,088 [1] INFO  [UnityEngine.Application.CallLogCallback:0] - [GameViewHierarchyPicker] Picked: ButtonCancel
2025-12-06 15:38:06,426 [1] INFO  [Network.NetClient.OnDestroy:240] - OnDestroy NetworkManager.
2025-12-06 15:38:06,427 [1] WARN  [Network.NetClient.CloseConnection:250] - CloseConnection(), errorCode: 1007
2025-12-06 15:38:23,344 [1] DEBUG [Codice.LogWrapper.NetLogger.Debug:0] - AppDomainUnload
2025-12-06 15:38:29,497 [1] INFO  [LoadingManager+<Start>d__6.MoveNext:37] - LoadingManager start
2025-12-06 15:38:33,394 [1] INFO  [UnityEngine.Application.CallLogCallback:0] - DataManager > DataManager()
2025-12-06 15:38:36,533 [1] INFO  [Services.UserService.SendLogin:215] - UserLoginRequest::user :testreg psw:regpass
2025-12-06 15:38:36,535 [1] INFO  [Services.UserService.ConnectToServer:51] - ConnectToServer() Start 
2025-12-06 15:38:36,537 [1] INFO  [Network.NetClient.Connect:228] - DoConnect
2025-12-06 15:38:36,538 [1] INFO  [Network.NetClient.DoConnect:333] - NetClient.DoConnect on 127.0.0.1:8000
2025-12-06 15:38:36,539 [1] INFO  [Network.NetClient.DoConnect:345] - Connect[0] to server 127.0.0.1:8000

2025-12-06 15:38:36,542 [1] INFO  [Services.UserService.OnGameServerConnect:60] - LoadingMesager::OnGameServerConnect :0 reason:Success
2025-12-06 15:38:36,653 [1] INFO  [Services.UserService.OnUserLogin:247] - OnUserLogin:Success [登录成功]
2025-12-06 15:38:36,659 [1] INFO  [SceneManager+<LoadLevel>d__4.MoveNext:30] - LoadLevel: CharSelect
2025-12-06 15:38:36,744 [1] INFO  [SceneManager.LevelLoadCompleted:46] - LevelLoadCompleted:1
2025-12-06 15:38:45,596 [1] INFO  [UnityEngine.Application.CallLogCallback:0] - Select Char:[3]邓荣荣[Archer]
2025-12-06 15:38:45,968 [1] INFO  [UnityEngine.Application.CallLogCallback:0] - Select Char:[6]王浩浩[Wizard]
2025-12-06 15:38:46,392 [1] INFO  [UnityEngine.Application.CallLogCallback:0] - Select Char:[3]邓荣荣[Archer]
2025-12-06 15:38:47,074 [1] INFO  [UnityEngine.Application.CallLogCallback:0] - Select Char:[6]王浩浩[Wizard]
2025-12-06 15:38:51,421 [1] INFO  [UnityEngine.Application.CallLogCallback:0] - Select Char:[3]邓荣荣[Archer]
2025-12-06 15:38:51,785 [1] INFO  [UnityEngine.Application.CallLogCallback:0] - Select Char:[6]王浩浩[Wizard]
2025-12-06 15:38:52,111 [1] INFO  [UnityEngine.Application.CallLogCallback:0] - Select Char:[3]邓荣荣[Archer]
2025-12-06 15:38:52,490 [1] INFO  [UnityEngine.Application.CallLogCallback:0] - Select Char:[6]王浩浩[Wizard]
2025-12-06 15:38:52,842 [1] INFO  [UnityEngine.Application.CallLogCallback:0] - Select Char:[3]邓荣荣[Archer]
2025-12-06 15:38:53,130 [1] INFO  [UnityEngine.Application.CallLogCallback:0] - Select Char:[6]王浩浩[Wizard]
2025-12-06 15:40:09,462 [1] DEBUG [Codice.LogWrapper.NetLogger.Debug:0] - AppDomainUnload
2025-12-06 15:40:25,584 [1] INFO  [LoadingManager+<Start>d__6.MoveNext:37] - LoadingManager start
2025-12-06 15:40:29,481 [1] INFO  [UnityEngine.Application.CallLogCallback:0] - DataManager > DataManager()
2025-12-06 15:45:33,089 [1] INFO  [Services.UserService.SendLogin:215] - UserLoginRequest::user :testreg psw:regpass
2025-12-06 15:45:33,091 [1] INFO  [Services.UserService.ConnectToServer:51] - ConnectToServer() Start 
2025-12-06 15:45:33,092 [1] INFO  [Network.NetClient.Connect:228] - DoConnect
2025-12-06 15:45:33,094 [1] INFO  [Network.NetClient.DoConnect:333] - NetClient.DoConnect on 127.0.0.1:8000
2025-12-06 15:45:33,094 [1] INFO  [Network.NetClient.DoConnect:345] - Connect[0] to server 127.0.0.1:8000

2025-12-06 15:45:33,097 [1] INFO  [Services.UserService.OnGameServerConnect:60] - LoadingMesager::OnGameServerConnect :0 reason:Success
2025-12-06 15:45:33,197 [1] INFO  [Services.UserService.OnUserLogin:247] - OnUserLogin:Success [登录成功]
2025-12-06 15:45:33,205 [1] INFO  [SceneManager+<LoadLevel>d__4.MoveNext:30] - LoadLevel: CharSelect
2025-12-06 15:45:33,280 [1] INFO  [SceneManager.LevelLoadCompleted:46] - LevelLoadCompleted:1
2025-12-06 15:45:33,284 [1] INFO  [UnityEngine.Application.CallLogCallback:0] - Select Char:[3]邓荣荣[Archer]
2025-12-06 15:45:33,285 [1] INFO  [UnityEngine.Application.CallLogCallback:0] - Select Char:[6]王浩浩[Wizard]
2025-12-06 15:45:46,763 [1] INFO  [UnityEngine.Application.CallLogCallback:0] - Select Char:[3]邓荣荣[Archer]
2025-12-06 15:45:46,765 [1] INFO  [UnityEngine.Application.CallLogCallback:0] - Select Char:[6]王浩浩[Wizard]
2025-12-06 15:45:47,949 [1] INFO  [UnityEngine.Application.CallLogCallback:0] - Select Char:[6]王浩浩[Wizard]
2025-12-06 15:45:48,313 [1] INFO  [UnityEngine.Application.CallLogCallback:0] - Select Char:[3]邓荣荣[Archer]
2025-12-06 15:45:48,669 [1] INFO  [UnityEngine.Application.CallLogCallback:0] - Select Char:[6]王浩浩[Wizard]
2025-12-06 15:51:13,339 [1] INFO  [Network.NetClient.OnDestroy:240] - OnDestroy NetworkManager.
2025-12-06 15:51:13,341 [1] WARN  [Network.NetClient.CloseConnection:250] - CloseConnection(), errorCode: 1007
2025-12-06 15:51:14,490 [1] DEBUG [Codice.LogWrapper.NetLogger.Debug:0] - AppDomainUnload
2025-12-06 15:51:28,942 [1] INFO  [LoadingManager+<Start>d__6.MoveNext:37] - LoadingManager start
2025-12-06 15:51:32,706 [1] INFO  [UnityEngine.Application.CallLogCallback:0] - DataManager > DataManager()
2025-12-06 15:51:33,806 [1] INFO  [Services.UserService.SendLogin:215] - UserLoginRequest::user :testreg psw:regpass
2025-12-06 15:51:33,807 [1] INFO  [Services.UserService.ConnectToServer:51] - ConnectToServer() Start 
2025-12-06 15:51:33,808 [1] INFO  [Network.NetClient.Connect:228] - DoConnect
2025-12-06 15:51:33,810 [1] INFO  [Network.NetClient.DoConnect:333] - NetClient.DoConnect on 127.0.0.1:8000
2025-12-06 15:51:33,811 [1] INFO  [Network.NetClient.DoConnect:345] - Connect[0] to server 127.0.0.1:8000

2025-12-06 15:51:33,812 [1] INFO  [Services.UserService.OnGameServerConnect:60] - LoadingMesager::OnGameServerConnect :0 reason:Success
2025-12-06 15:51:33,916 [1] INFO  [Services.UserService.OnUserLogin:247] - OnUserLogin:Success [登录成功]
2025-12-06 15:51:33,923 [1] INFO  [SceneManager+<LoadLevel>d__4.MoveNext:30] - LoadLevel: CharSelect
2025-12-06 15:54:43,821 [1] INFO  [SceneManager.LevelLoadCompleted:46] - LevelLoadCompleted:1
2025-12-06 15:54:46,144 [1] DEBUG [Codice.LogWrapper.NetLogger.Debug:0] - AppDomainUnload
2025-12-06 15:55:05,763 [1] INFO  [LoadingManager+<Start>d__6.MoveNext:37] - LoadingManager start
2025-12-06 15:55:09,572 [1] INFO  [UnityEngine.Application.CallLogCallback:0] - DataManager > DataManager()
2025-12-06 15:55:19,992 [1] INFO  [Services.UserService.SendLogin:215] - UserLoginRequest::user :testreg psw:regpass
2025-12-06 15:55:19,993 [1] INFO  [Services.UserService.ConnectToServer:51] - ConnectToServer() Start 
2025-12-06 15:55:19,995 [1] INFO  [Network.NetClient.Connect:228] - DoConnect
2025-12-06 15:55:19,997 [1] INFO  [Network.NetClient.DoConnect:333] - NetClient.DoConnect on 127.0.0.1:8000
2025-12-06 15:55:19,998 [1] INFO  [Network.NetClient.DoConnect:345] - Connect[0] to server 127.0.0.1:8000

2025-12-06 15:55:19,999 [1] INFO  [Services.UserService.OnGameServerConnect:60] - LoadingMesager::OnGameServerConnect :0 reason:Success
2025-12-06 15:55:20,105 [1] INFO  [Services.UserService.OnUserLogin:247] - OnUserLogin:Success [登录成功]
2025-12-06 15:55:20,115 [1] INFO  [SceneManager+<LoadLevel>d__4.MoveNext:30] - LoadLevel: CharSelect
2025-12-06 15:55:20,184 [1] INFO  [UnityEngine.Application.CallLogCallback:0] - Select Char:[3]邓荣荣[Archer]
2025-12-06 15:55:20,201 [1] INFO  [SceneManager.LevelLoadCompleted:46] - LevelLoadCompleted:1
2025-12-06 15:55:24,212 [1] INFO  [UnityEngine.Application.CallLogCallback:0] - Select Char:[3]邓荣荣[Archer]
2025-12-06 15:55:24,857 [1] INFO  [UnityEngine.Application.CallLogCallback:0] - Select Char:[6]王浩浩[Wizard]
2025-12-06 15:55:25,327 [1] INFO  [UnityEngine.Application.CallLogCallback:0] - Select Char:[3]邓荣荣[Archer]
2025-12-06 15:55:45,345 [1] INFO  [Network.NetClient.OnDestroy:240] - OnDestroy NetworkManager.
2025-12-06 15:55:45,347 [1] WARN  [Network.NetClient.CloseConnection:250] - CloseConnection(), errorCode: 1007
2025-12-06 15:56:01,217 [1] DEBUG [Codice.LogWrapper.NetLogger.Debug:0] - AppDomainUnload
2025-12-06 15:56:50,789 [1] INFO  [LoadingManager+<Start>d__6.MoveNext:37] - LoadingManager start
2025-12-06 15:56:54,597 [1] INFO  [UnityEngine.Application.CallLogCallback:0] - DataManager > DataManager()
2025-12-06 15:56:55,824 [1] INFO  [Services.UserService.SendLogin:215] - UserLoginRequest::user :testreg psw:regpass
2025-12-06 15:56:55,826 [1] INFO  [Services.UserService.ConnectToServer:51] - ConnectToServer() Start 
2025-12-06 15:56:55,827 [1] INFO  [Network.NetClient.Connect:228] - DoConnect
2025-12-06 15:56:55,829 [1] INFO  [Network.NetClient.DoConnect:333] - NetClient.DoConnect on 127.0.0.1:8000
2025-12-06 15:56:55,830 [1] INFO  [Network.NetClient.DoConnect:345] - Connect[0] to server 127.0.0.1:8000

2025-12-06 15:56:55,831 [1] INFO  [Services.UserService.OnGameServerConnect:60] - LoadingMesager::OnGameServerConnect :0 reason:Success
2025-12-06 15:56:55,927 [1] INFO  [Services.UserService.OnUserLogin:247] - OnUserLogin:Success [登录成功]
2025-12-06 15:56:55,934 [1] INFO  [SceneManager+<LoadLevel>d__4.MoveNext:30] - LoadLevel: CharSelect
2025-12-06 15:56:55,993 [1] INFO  [SceneManager.LevelLoadCompleted:46] - LevelLoadCompleted:1
2025-12-06 15:56:55,998 [1] INFO  [UnityEngine.Application.CallLogCallback:0] - Select Char:[3]邓荣荣[Archer]
2025-12-06 15:56:56,000 [1] INFO  [UnityEngine.Application.CallLogCallback:0] - Select Char:[3]邓荣荣[Archer]
2025-12-06 15:56:58,711 [1] INFO  [UnityEngine.Application.CallLogCallback:0] - Select Char:[3]邓荣荣[Archer]
2025-12-06 15:56:58,714 [1] INFO  [UnityEngine.Application.CallLogCallback:0] - Select Char:[3]邓荣荣[Archer]
2025-12-06 15:56:59,555 [1] INFO  [UnityEngine.Application.CallLogCallback:0] - Select Char:[6]王浩浩[Wizard]
2025-12-06 15:57:00,025 [1] INFO  [UnityEngine.Application.CallLogCallback:0] - Select Char:[3]邓荣荣[Archer]
2025-12-06 15:57:00,435 [1] INFO  [UnityEngine.Application.CallLogCallback:0] - Select Char:[6]王浩浩[Wizard]
2025-12-06 15:57:01,500 [1] INFO  [UnityEngine.Application.CallLogCallback:0] - Select Char:[3]邓荣荣[Archer]
2025-12-06 15:57:01,884 [1] INFO  [UnityEngine.Application.CallLogCallback:0] - Select Char:[6]王浩浩[Wizard]
2025-12-06 15:57:04,332 [1] INFO  [UnityEngine.Application.CallLogCallback:0] - Select Char:[3]邓荣荣[Archer]
2025-12-06 15:57:04,334 [1] INFO  [UnityEngine.Application.CallLogCallback:0] - Select Char:[3]邓荣荣[Archer]
2025-12-06 15:57:05,019 [1] INFO  [UnityEngine.Application.CallLogCallback:0] - Select Char:[3]邓荣荣[Archer]
2025-12-06 15:57:05,346 [1] INFO  [UnityEngine.Application.CallLogCallback:0] - Select Char:[6]王浩浩[Wizard]
2025-12-06 15:57:05,875 [1] INFO  [UnityEngine.Application.CallLogCallback:0] - Select Char:[3]邓荣荣[Archer]
2025-12-06 15:57:06,259 [1] INFO  [UnityEngine.Application.CallLogCallback:0] - Select Char:[6]王浩浩[Wizard]
2025-12-06 15:57:06,837 [1] INFO  [UnityEngine.Application.CallLogCallback:0] - UICharacterSelect OnClickDeleteById charId:6
2025-12-06 15:57:07,911 [1] INFO  [Services.UserService.SendDeleteCharacter:188] - UserDeleteCharacterRequest::Id :6
2025-12-06 15:57:07,928 [1] INFO  [Services.UserService.OnUserDeleteCharacter:284] - OnUserDeleteCharacter:Success [None]
2025-12-06 15:57:07,928 [1] INFO  [Services.UserService.OnUserDeleteCharacter:285] - OnUserDeleteCharacter PayloadCount:1
2025-12-06 15:57:07,929 [1] INFO  [UnityEngine.Application.CallLogCallback:0] - Select Char:[3]邓荣荣[Archer]
2025-12-06 15:57:11,031 [1] INFO  [UnityEngine.Application.CallLogCallback:0] - UICharacterSelect OnClickDeleteById charId:3
2025-12-06 15:57:12,073 [1] INFO  [Services.UserService.SendDeleteCharacter:188] - UserDeleteCharacterRequest::Id :3
2025-12-06 15:57:12,083 [1] INFO  [Services.UserService.OnUserDeleteCharacter:284] - OnUserDeleteCharacter:Success [None]
2025-12-06 15:57:12,085 [1] INFO  [Services.UserService.OnUserDeleteCharacter:285] - OnUserDeleteCharacter PayloadCount:0
2025-12-06 15:58:09,142 [1] INFO  [Services.UserService.SendCreateCharacter:160] - UserCreateCharacterRequest::Name :王浩浩 Class:Wizard
2025-12-06 15:58:09,271 [1] INFO  [Services.UserService.OnUserCreateCharacter:264] - OnUserCreateCharacter:Success [None]
2025-12-06 15:58:09,272 [1] INFO  [UnityEngine.Application.CallLogCallback:0] - Select Char:[7]王浩浩[Wizard]
2025-12-06 15:58:19,947 [1] INFO  [Services.UserService.SendCreateCharacter:160] - UserCreateCharacterRequest::Name :邓荣荣 Class:Archer
2025-12-06 15:58:19,956 [1] INFO  [Services.UserService.OnUserCreateCharacter:264] - OnUserCreateCharacter:Success [None]
2025-12-06 15:58:19,958 [1] INFO  [UnityEngine.Application.CallLogCallback:0] - Select Char:[7]王浩浩[Wizard]
2025-12-06 15:58:19,959 [1] INFO  [UnityEngine.Application.CallLogCallback:0] - Select Char:[7]王浩浩[Wizard]
2025-12-06 15:58:22,056 [1] INFO  [UnityEngine.Application.CallLogCallback:0] - Select Char:[7]王浩浩[Wizard]
2025-12-06 15:58:22,461 [1] INFO  [UnityEngine.Application.CallLogCallback:0] - Select Char:[8]邓荣荣[Archer]
2025-12-06 15:58:22,819 [1] INFO  [UnityEngine.Application.CallLogCallback:0] - Select Char:[7]王浩浩[Wizard]
2025-12-06 15:58:23,285 [1] INFO  [UnityEngine.Application.CallLogCallback:0] - Select Char:[8]邓荣荣[Archer]
2025-12-06 15:58:24,368 [1] INFO  [UnityEngine.Application.CallLogCallback:0] - Select Char:[7]王浩浩[Wizard]
2025-12-06 15:58:24,965 [1] INFO  [UnityEngine.Application.CallLogCallback:0] - Select Char:[8]邓荣荣[Archer]
2025-12-06 15:58:26,779 [1] INFO  [UnityEngine.Application.CallLogCallback:0] - Select Char:[7]王浩浩[Wizard]
2025-12-06 15:58:27,269 [1] INFO  [UnityEngine.Application.CallLogCallback:0] - Select Char:[8]邓荣荣[Archer]
2025-12-06 15:58:29,038 [1] INFO  [UnityEngine.Application.CallLogCallback:0] - Select Char:[7]王浩浩[Wizard]
2025-12-06 15:58:29,040 [1] INFO  [UnityEngine.Application.CallLogCallback:0] - Select Char:[7]王浩浩[Wizard]
2025-12-06 15:58:30,260 [1] INFO  [UnityEngine.Application.CallLogCallback:0] - Select Char:[8]邓荣荣[Archer]
2025-12-06 15:58:36,250 [1] INFO  [UnityEngine.Application.CallLogCallback:0] - Select Char:[8]邓荣荣[Archer]
2025-12-06 15:58:36,663 [1] INFO  [UnityEngine.Application.CallLogCallback:0] - Select Char:[7]王浩浩[Wizard]
2025-12-06 15:58:37,041 [1] INFO  [UnityEngine.Application.CallLogCallback:0] - Select Char:[8]邓荣荣[Archer]
2025-12-06 15:58:45,977 [1] INFO  [Services.UserService.SendCreateCharacter:160] - UserCreateCharacterRequest::Name :1 Class:Warrior
2025-12-06 15:58:45,987 [1] INFO  [Services.UserService.OnUserCreateCharacter:264] - OnUserCreateCharacter:Success [None]
2025-12-06 15:58:45,988 [1] INFO  [UnityEngine.Application.CallLogCallback:0] - Select Char:[7]王浩浩[Wizard]
2025-12-06 15:58:45,990 [1] INFO  [UnityEngine.Application.CallLogCallback:0] - Select Char:[7]王浩浩[Wizard]
2025-12-06 15:58:45,992 [1] INFO  [UnityEngine.Application.CallLogCallback:0] - Select Char:[7]王浩浩[Wizard]
2025-12-06 15:58:47,853 [1] INFO  [UnityEngine.Application.CallLogCallback:0] - UICharacterSelect OnClickDeleteById charId:9
2025-12-06 15:58:48,834 [1] INFO  [Services.UserService.SendDeleteCharacter:188] - UserDeleteCharacterRequest::Id :9
2025-12-06 15:58:48,849 [1] INFO  [Services.UserService.OnUserDeleteCharacter:284] - OnUserDeleteCharacter:Success [None]
2025-12-06 15:58:48,849 [1] INFO  [Services.UserService.OnUserDeleteCharacter:285] - OnUserDeleteCharacter PayloadCount:2
2025-12-06 15:58:48,850 [1] INFO  [UnityEngine.Application.CallLogCallback:0] - Select Char:[7]王浩浩[Wizard]
2025-12-06 15:58:48,852 [1] INFO  [UnityEngine.Application.CallLogCallback:0] - Select Char:[7]王浩浩[Wizard]
2025-12-06 15:59:30,146 [1] INFO  [UnityEngine.Application.CallLogCallback:0] - UICharacterSelect OnClickDeleteById charId:8
2025-12-06 15:59:32,108 [1] INFO  [UnityEngine.Application.CallLogCallback:0] - UICharacterSelect OnClickDeleteById charId:8
2025-12-06 15:59:39,119 [1] INFO  [UnityEngine.Application.CallLogCallback:0] - Select Char:[7]王浩浩[Wizard]
2025-12-06 15:59:39,120 [1] INFO  [UnityEngine.Application.CallLogCallback:0] - Select Char:[7]王浩浩[Wizard]
2025-12-06 15:59:42,778 [1] INFO  [Services.UserService.SendCreateCharacter:160] - UserCreateCharacterRequest::Name :1 Class:Warrior
2025-12-06 15:59:42,791 [1] INFO  [Services.UserService.OnUserCreateCharacter:264] - OnUserCreateCharacter:Success [None]
2025-12-06 15:59:42,793 [1] INFO  [UnityEngine.Application.CallLogCallback:0] - Select Char:[7]王浩浩[Wizard]
2025-12-06 15:59:42,795 [1] INFO  [UnityEngine.Application.CallLogCallback:0] - Select Char:[7]王浩浩[Wizard]
2025-12-06 15:59:42,797 [1] INFO  [UnityEngine.Application.CallLogCallback:0] - Select Char:[7]王浩浩[Wizard]
2025-12-06 15:59:46,504 [1] INFO  [UnityEngine.Application.CallLogCallback:0] - UICharacterSelect OnClickDeleteById charId:10
2025-12-06 16:01:50,253 [1] INFO  [UnityEngine.Application.CallLogCallback:0] - UICharacterSelect OnClickDeleteById charId:10
2025-12-06 16:01:51,223 [1] INFO  [Services.UserService.SendDeleteCharacter:188] - UserDeleteCharacterRequest::Id :10
2025-12-06 16:01:51,242 [1] INFO  [Services.UserService.OnUserDeleteCharacter:284] - OnUserDeleteCharacter:Success [None]
2025-12-06 16:01:51,242 [1] INFO  [Services.UserService.OnUserDeleteCharacter:285] - OnUserDeleteCharacter PayloadCount:2
2025-12-06 16:01:51,243 [1] INFO  [UnityEngine.Application.CallLogCallback:0] - Select Char:[7]王浩浩[Wizard]
2025-12-06 16:01:51,245 [1] INFO  [UnityEngine.Application.CallLogCallback:0] - Select Char:[7]王浩浩[Wizard]
2025-12-06 16:02:00,164 [1] INFO  [Services.UserService.SendCreateCharacter:160] - UserCreateCharacterRequest::Name :1 Class:Warrior
2025-12-06 16:02:00,192 [1] INFO  [Services.UserService.OnUserCreateCharacter:264] - OnUserCreateCharacter:Success [None]
2025-12-06 16:02:00,194 [1] INFO  [UnityEngine.Application.CallLogCallback:0] - Select Char:[7]王浩浩[Wizard]
2025-12-06 16:02:00,196 [1] INFO  [UnityEngine.Application.CallLogCallback:0] - Select Char:[7]王浩浩[Wizard]
2025-12-06 16:02:00,197 [1] INFO  [UnityEngine.Application.CallLogCallback:0] - Select Char:[7]王浩浩[Wizard]
2025-12-06 16:02:04,078 [1] INFO  [UnityEngine.Application.CallLogCallback:0] - UICharacterSelect OnClickDeleteById charId:11
2025-12-06 16:02:04,956 [1] INFO  [Services.UserService.SendDeleteCharacter:188] - UserDeleteCharacterRequest::Id :11
2025-12-06 16:02:04,971 [1] INFO  [Services.UserService.OnUserDeleteCharacter:284] - OnUserDeleteCharacter:Success [None]
2025-12-06 16:02:04,971 [1] INFO  [Services.UserService.OnUserDeleteCharacter:285] - OnUserDeleteCharacter PayloadCount:2
2025-12-06 16:02:04,973 [1] INFO  [UnityEngine.Application.CallLogCallback:0] - Select Char:[7]王浩浩[Wizard]
2025-12-06 16:02:04,974 [1] INFO  [UnityEngine.Application.CallLogCallback:0] - Select Char:[7]王浩浩[Wizard]
2025-12-06 16:02:44,159 [1] INFO  [Services.UserService.SendCreateCharacter:160] - UserCreateCharacterRequest::Name :1 Class:Warrior
2025-12-06 16:02:44,175 [1] INFO  [Services.UserService.OnUserCreateCharacter:264] - OnUserCreateCharacter:Success [None]
2025-12-06 16:02:44,176 [1] INFO  [UnityEngine.Application.CallLogCallback:0] - Select Char:[7]王浩浩[Wizard]
2025-12-06 16:02:44,178 [1] INFO  [UnityEngine.Application.CallLogCallback:0] - Select Char:[7]王浩浩[Wizard]
2025-12-06 16:02:44,179 [1] INFO  [UnityEngine.Application.CallLogCallback:0] - Select Char:[7]王浩浩[Wizard]
2025-12-06 16:03:54,390 [1] INFO  [UnityEngine.Application.CallLogCallback:0] - UICharacterSelect OnClickDeleteById charId:12
2025-12-06 16:04:36,660 [1] INFO  [UnityEngine.Application.CallLogCallback:0] - UICharacterSelect OnClickDeleteById charId:12
2025-12-06 16:05:21,549 [1] INFO  [Network.NetClient.OnDestroy:240] - OnDestroy NetworkManager.
2025-12-06 16:05:21,551 [1] WARN  [Network.NetClient.CloseConnection:250] - CloseConnection(), errorCode: 1007
2025-12-06 16:06:35,480 [1] DEBUG [Codice.LogWrapper.NetLogger.Debug:0] - AppDomainUnload
2025-12-06 16:06:41,667 [1] INFO  [LoadingManager+<Start>d__6.MoveNext:37] - LoadingManager start
2025-12-06 16:06:45,686 [1] INFO  [UnityEngine.Application.CallLogCallback:0] - DataManager > DataManager()
2025-12-06 16:06:52,342 [1] INFO  [Services.UserService.SendLogin:215] - UserLoginRequest::user :testreg psw:regpass
2025-12-06 16:06:52,347 [1] INFO  [Services.UserService.ConnectToServer:51] - ConnectToServer() Start 
2025-12-06 16:06:52,348 [1] INFO  [Network.NetClient.Connect:228] - DoConnect
2025-12-06 16:06:52,350 [1] INFO  [Network.NetClient.DoConnect:333] - NetClient.DoConnect on 127.0.0.1:8000
2025-12-06 16:06:52,351 [1] INFO  [Network.NetClient.DoConnect:345] - Connect[0] to server 127.0.0.1:8000

2025-12-06 16:06:52,352 [1] INFO  [Services.UserService.OnGameServerConnect:60] - LoadingMesager::OnGameServerConnect :0 reason:Success
2025-12-06 16:06:52,431 [1] INFO  [Services.UserService.OnUserLogin:247] - OnUserLogin:Success [登录成功]
2025-12-06 16:06:52,436 [1] INFO  [SceneManager+<LoadLevel>d__4.MoveNext:30] - LoadLevel: CharSelect
2025-12-06 16:06:52,491 [1] INFO  [SceneManager.LevelLoadCompleted:46] - LevelLoadCompleted:1
2025-12-06 16:06:52,493 [1] INFO  [UnityEngine.Application.CallLogCallback:0] - Select Char:[7]王浩浩[Wizard]
2025-12-06 16:06:52,495 [1] INFO  [UnityEngine.Application.CallLogCallback:0] - Select Char:[7]王浩浩[Wizard]
2025-12-06 16:06:52,496 [1] INFO  [UnityEngine.Application.CallLogCallback:0] - Select Char:[7]王浩浩[Wizard]
2025-12-06 16:06:54,123 [1] INFO  [UnityEngine.Application.CallLogCallback:0] - UICharacterSelect OnClickDeleteById charId:12
2025-12-06 16:06:55,076 [1] INFO  [Services.UserService.SendDeleteCharacter:188] - UserDeleteCharacterRequest::Id :12
2025-12-06 16:06:55,095 [1] INFO  [Services.UserService.OnUserDeleteCharacter:284] - OnUserDeleteCharacter:Success [None]
2025-12-06 16:06:55,097 [1] INFO  [Services.UserService.OnUserDeleteCharacter:285] - OnUserDeleteCharacter PayloadCount:2
2025-12-06 16:06:55,099 [1] INFO  [UnityEngine.Application.CallLogCallback:0] - Select Char:[7]王浩浩[Wizard]
2025-12-06 16:06:55,100 [1] INFO  [UnityEngine.Application.CallLogCallback:0] - Select Char:[7]王浩浩[Wizard]
2025-12-06 16:06:58,388 [1] INFO  [UnityEngine.Application.CallLogCallback:0] - Select Char:[7]王浩浩[Wizard]
2025-12-06 16:06:58,390 [1] INFO  [UnityEngine.Application.CallLogCallback:0] - Select Char:[7]王浩浩[Wizard]
2025-12-06 16:06:59,269 [1] INFO  [UnityEngine.Application.CallLogCallback:0] - Select Char:[8]邓荣荣[Archer]
2025-12-06 16:06:59,542 [1] INFO  [UnityEngine.Application.CallLogCallback:0] - Select Char:[7]王浩浩[Wizard]
2025-12-06 16:07:00,093 [1] INFO  [UnityEngine.Application.CallLogCallback:0] - Select Char:[8]邓荣荣[Archer]
2025-12-06 16:07:00,381 [1] INFO  [UnityEngine.Application.CallLogCallback:0] - Select Char:[7]王浩浩[Wizard]
2025-12-06 16:07:04,537 [1] INFO  [Network.NetClient.OnDestroy:240] - OnDestroy NetworkManager.
2025-12-06 16:07:04,539 [1] WARN  [Network.NetClient.CloseConnection:250] - CloseConnection(), errorCode: 1007
2025-12-06 16:13:16,294 [1] DEBUG [Codice.LogWrapper.NetLogger.Debug:0] - AppDomainUnload
