2025-12-05 08:22:10,567 [1] DEBUG [Codice.LogWrapper.NetLogger.Debug:0] - AppDomainUnload
2025-12-05 14:16:47,397 [1] INFO  [LoadingManager+<Start>d__6.MoveNext:37] - LoadingManager start
2025-12-05 14:16:52,233 [1] INFO  [UnityEngine.Application.CallLogCallback:0] - DataManager > DataManager()
2025-12-05 14:17:06,546 [1] INFO  [Services.UserService.SendLogin:178] - UserLoginRequest::user :testreg psw:regpass
2025-12-05 14:17:06,547 [1] INFO  [Services.UserService.ConnectToServer:48] - ConnectToServer() Start 
2025-12-05 14:17:06,549 [1] INFO  [Network.NetClient.Connect:228] - DoConnect
2025-12-05 14:17:06,550 [1] INFO  [Network.NetClient.DoConnect:333] - NetClient.DoConnect on 127.0.0.1:8000
2025-12-05 14:17:06,551 [1] INFO  [Network.NetClient.DoConnect:345] - Connect[0] to server 127.0.0.1:8000

2025-12-05 14:17:06,553 [1] INFO  [Services.UserService.OnGameServerConnect:57] - LoadingMesager::OnGameServerConnect :0 reason:Success
2025-12-05 14:17:08,993 [1] INFO  [Services.UserService.OnUserLogin:210] - OnUserLogin:Success [登录成功]
2025-12-05 14:17:09,033 [1] INFO  [SceneManager+<LoadLevel>d__4.MoveNext:30] - LoadLevel: CharSelect
2025-12-05 14:17:09,153 [1] INFO  [SceneManager.LevelLoadCompleted:46] - LevelLoadCompleted:1
2025-12-05 14:17:13,339 [1] INFO  [UnityEngine.Application.CallLogCallback:0] - Select Char:[2]123[Warrior]
2025-12-05 14:17:14,382 [1] INFO  [UnityEngine.Application.CallLogCallback:0] - Select Char:[1]moonshooter[Archer]
2025-12-05 14:17:14,985 [1] INFO  [UnityEngine.Application.CallLogCallback:0] - Select Char:[1]moonshooter[Archer]
2025-12-05 14:17:15,594 [1] INFO  [UnityEngine.Application.CallLogCallback:0] - Select Char:[2]123[Warrior]
2025-12-05 14:17:16,142 [1] INFO  [UnityEngine.Application.CallLogCallback:0] - Select Char:[1]moonshooter[Archer]
2025-12-05 14:17:17,016 [1] INFO  [UnityEngine.Application.CallLogCallback:0] - Select Char:[2]123[Warrior]
2025-12-05 14:17:17,532 [1] INFO  [UnityEngine.Application.CallLogCallback:0] - Select Char:[1]moonshooter[Archer]
2025-12-05 14:17:19,637 [1] INFO  [UnityEngine.Application.CallLogCallback:0] - [GameViewHierarchyPicker] Picked: Name
2025-12-05 14:18:17,620 [1] INFO  [UnityEngine.Application.CallLogCallback:0] - Select Char:[1]moonshooter[Archer]
2025-12-05 14:18:17,972 [1] INFO  [UnityEngine.Application.CallLogCallback:0] - Select Char:[2]123[Warrior]
2025-12-05 14:18:18,421 [1] INFO  [UnityEngine.Application.CallLogCallback:0] - Select Char:[1]moonshooter[Archer]
2025-12-05 14:18:18,912 [1] INFO  [UnityEngine.Application.CallLogCallback:0] - Select Char:[2]123[Warrior]
2025-12-05 14:18:19,294 [1] INFO  [UnityEngine.Application.CallLogCallback:0] - Select Char:[1]moonshooter[Archer]
2025-12-05 14:18:19,949 [1] INFO  [UnityEngine.Application.CallLogCallback:0] - Select Char:[2]123[Warrior]
2025-12-05 14:18:20,563 [1] INFO  [UnityEngine.Application.CallLogCallback:0] - Select Char:[1]moonshooter[Archer]
2025-12-05 14:18:20,972 [1] INFO  [UnityEngine.Application.CallLogCallback:0] - Select Char:[2]123[Warrior]
2025-12-05 14:18:21,582 [1] INFO  [UnityEngine.Application.CallLogCallback:0] - Select Char:[1]moonshooter[Archer]
2025-12-05 14:18:21,970 [1] INFO  [UnityEngine.Application.CallLogCallback:0] - Select Char:[2]123[Warrior]
2025-12-05 14:18:24,711 [1] INFO  [UnityEngine.Application.CallLogCallback:0] - Select Char:[1]moonshooter[Archer]
2025-12-05 14:18:25,092 [1] INFO  [UnityEngine.Application.CallLogCallback:0] - Select Char:[2]123[Warrior]
2025-12-05 14:18:25,732 [1] INFO  [UnityEngine.Application.CallLogCallback:0] - Select Char:[1]moonshooter[Archer]
2025-12-05 14:18:26,227 [1] INFO  [UnityEngine.Application.CallLogCallback:0] - Select Char:[2]123[Warrior]
2025-12-05 14:19:01,584 [1] INFO  [Services.UserService.SendCreateCharacter:150] - UserCreateCharacterRequest::Name :邓荣荣 Class:Archer
2025-12-05 14:19:01,783 [1] INFO  [Services.UserService.OnUserCreateCharacter:227] - OnUserCreateCharacter:Success [None]
2025-12-05 14:19:06,991 [1] INFO  [Network.NetClient.OnDestroy:240] - OnDestroy NetworkManager.
2025-12-05 14:19:06,992 [1] WARN  [Network.NetClient.CloseConnection:250] - CloseConnection(), errorCode: 1007
2025-12-05 14:19:43,127 [1] DEBUG [Codice.LogWrapper.NetLogger.Debug:0] - AppDomainUnload
2025-12-05 14:20:00,462 [1] INFO  [LoadingManager+<Start>d__6.MoveNext:37] - LoadingManager start
2025-12-05 14:20:04,017 [1] INFO  [UnityEngine.Application.CallLogCallback:0] - DataManager > DataManager()
2025-12-05 14:20:15,041 [1] INFO  [Services.UserService.SendLogin:178] - UserLoginRequest::user :testreg psw:regpass
2025-12-05 14:20:15,043 [1] INFO  [Services.UserService.ConnectToServer:48] - ConnectToServer() Start 
2025-12-05 14:20:15,044 [1] INFO  [Network.NetClient.Connect:228] - DoConnect
2025-12-05 14:20:15,045 [1] INFO  [Network.NetClient.DoConnect:333] - NetClient.DoConnect on 127.0.0.1:8000
2025-12-05 14:20:15,046 [1] INFO  [Network.NetClient.DoConnect:345] - Connect[0] to server 127.0.0.1:8000

2025-12-05 14:20:15,047 [1] INFO  [Services.UserService.OnGameServerConnect:57] - LoadingMesager::OnGameServerConnect :0 reason:Success
2025-12-05 14:20:15,116 [1] INFO  [Services.UserService.OnUserLogin:210] - OnUserLogin:Success [登录成功]
2025-12-05 14:20:15,123 [1] INFO  [SceneManager+<LoadLevel>d__4.MoveNext:30] - LoadLevel: CharSelect
2025-12-05 14:20:15,186 [1] INFO  [SceneManager.LevelLoadCompleted:46] - LevelLoadCompleted:1
2025-12-05 14:20:18,091 [1] INFO  [UnityEngine.Application.CallLogCallback:0] - Select Char:[1]moonshooter[Archer]
2025-12-05 14:20:19,786 [1] INFO  [UnityEngine.Application.CallLogCallback:0] - Select Char:[2]123[Warrior]
2025-12-05 14:20:20,620 [1] INFO  [UnityEngine.Application.CallLogCallback:0] - Select Char:[1]moonshooter[Archer]
2025-12-05 14:20:21,490 [1] INFO  [UnityEngine.Application.CallLogCallback:0] - Select Char:[2]123[Warrior]
2025-12-05 14:20:22,439 [1] INFO  [UnityEngine.Application.CallLogCallback:0] - Select Char:[1]moonshooter[Archer]
2025-12-05 14:20:24,532 [1] INFO  [UnityEngine.Application.CallLogCallback:0] - Select Char:[1]moonshooter[Archer]
2025-12-05 14:20:25,188 [1] INFO  [UnityEngine.Application.CallLogCallback:0] - Select Char:[2]123[Warrior]
2025-12-05 14:20:26,485 [1] INFO  [UnityEngine.Application.CallLogCallback:0] - Select Char:[1]moonshooter[Archer]
2025-12-05 14:20:27,507 [1] INFO  [UnityEngine.Application.CallLogCallback:0] - Select Char:[2]123[Warrior]
2025-12-05 14:20:28,306 [1] INFO  [UnityEngine.Application.CallLogCallback:0] - Select Char:[3]邓荣荣[Archer]
2025-12-05 14:20:50,553 [1] INFO  [Services.UserService.SendCreateCharacter:150] - UserCreateCharacterRequest::Name :小小战士 Class:Warrior
2025-12-05 14:20:50,565 [1] INFO  [Services.UserService.OnUserCreateCharacter:227] - OnUserCreateCharacter:Success [None]
2025-12-05 14:20:53,326 [1] INFO  [UnityEngine.Application.CallLogCallback:0] - Select Char:[4]小小战士[Warrior]
2025-12-05 14:20:54,344 [1] INFO  [UnityEngine.Application.CallLogCallback:0] - Select Char:[4]小小战士[Warrior]
2025-12-05 14:20:54,627 [1] INFO  [UnityEngine.Application.CallLogCallback:0] - Select Char:[4]小小战士[Warrior]
2025-12-05 14:20:55,077 [1] INFO  [UnityEngine.Application.CallLogCallback:0] - Select Char:[3]邓荣荣[Archer]
2025-12-05 14:20:55,690 [1] INFO  [UnityEngine.Application.CallLogCallback:0] - Select Char:[4]小小战士[Warrior]
2025-12-05 14:20:56,717 [1] INFO  [UnityEngine.Application.CallLogCallback:0] - Select Char:[2]123[Warrior]
2025-12-05 14:20:57,263 [1] INFO  [UnityEngine.Application.CallLogCallback:0] - Select Char:[1]moonshooter[Archer]
2025-12-05 14:20:58,823 [1] INFO  [UnityEngine.Application.CallLogCallback:0] - Select Char:[4]小小战士[Warrior]
2025-12-05 14:21:03,239 [1] INFO  [UnityEngine.Application.CallLogCallback:0] - Select Char:[3]邓荣荣[Archer]
2025-12-05 14:21:04,282 [1] INFO  [UnityEngine.Application.CallLogCallback:0] - Select Char:[2]123[Warrior]
2025-12-05 14:21:04,987 [1] INFO  [UnityEngine.Application.CallLogCallback:0] - Select Char:[1]moonshooter[Archer]
2025-12-05 14:21:06,282 [1] INFO  [UnityEngine.Application.CallLogCallback:0] - Select Char:[4]小小战士[Warrior]
2025-12-05 14:21:14,225 [1] INFO  [UnityEngine.Application.CallLogCallback:0] - Select Char:[4]小小战士[Warrior]
2025-12-05 14:21:15,113 [1] INFO  [UnityEngine.Application.CallLogCallback:0] - Select Char:[1]moonshooter[Archer]
2025-12-05 14:21:15,754 [1] INFO  [UnityEngine.Application.CallLogCallback:0] - Select Char:[2]123[Warrior]
2025-12-05 14:21:16,152 [1] INFO  [UnityEngine.Application.CallLogCallback:0] - Select Char:[3]邓荣荣[Archer]
2025-12-05 14:21:16,570 [1] INFO  [UnityEngine.Application.CallLogCallback:0] - Select Char:[4]小小战士[Warrior]
2025-12-05 14:21:35,328 [1] INFO  [UnityEngine.Application.CallLogCallback:0] - Select Char:[4]小小战士[Warrior]
2025-12-05 14:21:36,323 [1] INFO  [UnityEngine.Application.CallLogCallback:0] - Select Char:[4]小小战士[Warrior]
2025-12-05 14:21:37,281 [1] INFO  [UnityEngine.Application.CallLogCallback:0] - Select Char:[3]邓荣荣[Archer]
2025-12-05 14:21:37,873 [1] INFO  [UnityEngine.Application.CallLogCallback:0] - [GameViewHierarchyPicker] Picked: Text
2025-12-05 14:22:08,884 [1] INFO  [UnityEngine.Application.CallLogCallback:0] - Select Char:[4]小小战士[Warrior]
2025-12-05 14:22:09,902 [1] INFO  [UnityEngine.Application.CallLogCallback:0] - Select Char:[3]邓荣荣[Archer]
2025-12-05 14:22:10,707 [1] INFO  [UnityEngine.Application.CallLogCallback:0] - Select Char:[2]123[Warrior]
2025-12-05 14:22:11,070 [1] INFO  [UnityEngine.Application.CallLogCallback:0] - Select Char:[1]moonshooter[Archer]
2025-12-05 14:22:22,390 [1] INFO  [UnityEngine.Application.CallLogCallback:0] - Select Char:[1]moonshooter[Archer]
2025-12-05 14:22:22,993 [1] INFO  [UnityEngine.Application.CallLogCallback:0] - Select Char:[4]小小战士[Warrior]
2025-12-05 14:22:23,529 [1] INFO  [UnityEngine.Application.CallLogCallback:0] - Select Char:[3]邓荣荣[Archer]
2025-12-05 14:22:23,941 [1] INFO  [UnityEngine.Application.CallLogCallback:0] - Select Char:[2]123[Warrior]
2025-12-05 14:22:24,323 [1] INFO  [UnityEngine.Application.CallLogCallback:0] - Select Char:[1]moonshooter[Archer]
2025-12-05 14:22:25,030 [1] INFO  [UnityEngine.Application.CallLogCallback:0] - Select Char:[4]小小战士[Warrior]
2025-12-05 14:22:29,975 [1] INFO  [UnityEngine.Application.CallLogCallback:0] - Select Char:[4]小小战士[Warrior]
2025-12-05 14:22:31,717 [1] INFO  [UnityEngine.Application.CallLogCallback:0] - Select Char:[4]小小战士[Warrior]
2025-12-05 14:22:37,271 [1] INFO  [UnityEngine.Application.CallLogCallback:0] - [GameViewHierarchyPicker] Picked: Name
2025-12-05 14:22:58,458 [1] INFO  [Services.UserService.SendCreateCharacter:150] - UserCreateCharacterRequest::Name :小小法师 Class:Wizard
2025-12-05 14:22:58,468 [1] INFO  [Services.UserService.OnUserCreateCharacter:227] - OnUserCreateCharacter:Success [None]
2025-12-05 14:23:01,380 [1] INFO  [UnityEngine.Application.CallLogCallback:0] - Select Char:[5]小小法师[Wizard]
2025-12-05 14:23:04,160 [1] INFO  [UnityEngine.Application.CallLogCallback:0] - Select Char:[4]小小战士[Warrior]
2025-12-05 14:23:04,716 [1] INFO  [UnityEngine.Application.CallLogCallback:0] - Select Char:[5]小小法师[Wizard]
2025-12-05 14:23:05,401 [1] INFO  [UnityEngine.Application.CallLogCallback:0] - Select Char:[4]小小战士[Warrior]
2025-12-05 14:23:05,950 [1] INFO  [UnityEngine.Application.CallLogCallback:0] - Select Char:[3]邓荣荣[Archer]
2025-12-05 14:23:06,396 [1] INFO  [UnityEngine.Application.CallLogCallback:0] - Select Char:[4]小小战士[Warrior]
2025-12-05 14:23:06,933 [1] INFO  [UnityEngine.Application.CallLogCallback:0] - Select Char:[5]小小法师[Wizard]
2025-12-05 14:25:15,046 [1] INFO  [UnityEngine.Application.CallLogCallback:0] - Select Char:[1]moonshooter[Archer]
2025-12-05 14:25:27,898 [1] INFO  [UnityEngine.Application.CallLogCallback:0] - Select Char:[1]moonshooter[Archer]
2025-12-05 14:25:28,377 [1] INFO  [UnityEngine.Application.CallLogCallback:0] - Select Char:[1]moonshooter[Archer]
2025-12-05 14:25:28,831 [1] INFO  [UnityEngine.Application.CallLogCallback:0] - Select Char:[1]moonshooter[Archer]
2025-12-05 14:25:29,191 [1] INFO  [UnityEngine.Application.CallLogCallback:0] - Select Char:[1]moonshooter[Archer]
2025-12-05 14:25:30,552 [1] INFO  [UnityEngine.Application.CallLogCallback:0] - Select Char:[1]moonshooter[Archer]
2025-12-05 14:25:31,049 [1] INFO  [UnityEngine.Application.CallLogCallback:0] - Select Char:[2]123[Warrior]
2025-12-05 14:25:31,587 [1] INFO  [UnityEngine.Application.CallLogCallback:0] - Select Char:[3]邓荣荣[Archer]
2025-12-05 14:25:32,701 [1] INFO  [UnityEngine.Application.CallLogCallback:0] - Select Char:[4]小小战士[Warrior]
2025-12-05 14:25:33,150 [1] INFO  [UnityEngine.Application.CallLogCallback:0] - Select Char:[5]小小法师[Wizard]
2025-12-05 14:25:34,394 [1] INFO  [UnityEngine.Application.CallLogCallback:0] - Select Char:[1]moonshooter[Archer]
2025-12-05 14:25:56,126 [1] INFO  [UnityEngine.Application.CallLogCallback:0] - Select Char:[1]moonshooter[Archer]
2025-12-05 14:25:56,535 [1] INFO  [UnityEngine.Application.CallLogCallback:0] - Select Char:[1]moonshooter[Archer]
2025-12-05 14:25:56,758 [1] INFO  [UnityEngine.Application.CallLogCallback:0] - Select Char:[1]moonshooter[Archer]
2025-12-05 14:25:56,931 [1] INFO  [UnityEngine.Application.CallLogCallback:0] - Select Char:[1]moonshooter[Archer]
2025-12-05 17:49:05,645 [1] INFO  [UnityEngine.Application.CallLogCallback:0] - Select Char:[1]moonshooter[Archer]
2025-12-05 17:49:06,726 [1] INFO  [UnityEngine.Application.CallLogCallback:0] - Select Char:[2]123[Warrior]
2025-12-05 17:49:22,140 [1] INFO  [UnityEngine.Application.CallLogCallback:0] - Select Char:[1]moonshooter[Archer]
2025-12-05 17:50:32,804 [1] INFO  [UnityEngine.Application.CallLogCallback:0] - Select Char:[1]moonshooter[Archer]
2025-12-05 17:50:53,801 [1] INFO  [UnityEngine.Application.CallLogCallback:0] - Select Char:[2]123[Warrior]
2025-12-05 17:50:56,518 [1] INFO  [UnityEngine.Application.CallLogCallback:0] - Select Char:[3]邓荣荣[Archer]
2025-12-05 17:51:00,361 [1] INFO  [UnityEngine.Application.CallLogCallback:0] - Select Char:[4]小小战士[Warrior]
2025-12-05 17:53:39,883 [1] INFO  [UnityEngine.Application.CallLogCallback:0] - Select Char:[2]123[Warrior]
2025-12-05 17:54:42,838 [1] INFO  [Network.NetClient.OnDestroy:240] - OnDestroy NetworkManager.
2025-12-05 17:54:42,839 [1] WARN  [Network.NetClient.CloseConnection:250] - CloseConnection(), errorCode: 1007
2025-12-05 17:54:45,529 [1] DEBUG [Codice.LogWrapper.NetLogger.Debug:0] - AppDomainUnload
2025-12-05 17:55:18,491 [1] INFO  [LoadingManager+<Start>d__6.MoveNext:37] - LoadingManager start
2025-12-05 17:55:22,033 [1] INFO  [UnityEngine.Application.CallLogCallback:0] - DataManager > DataManager()
2025-12-05 17:55:23,704 [1] INFO  [Services.UserService.SendLogin:178] - UserLoginRequest::user :testreg psw:regpass
2025-12-05 17:55:23,705 [1] INFO  [Services.UserService.ConnectToServer:48] - ConnectToServer() Start 
2025-12-05 17:55:23,706 [1] INFO  [Network.NetClient.Connect:228] - DoConnect
2025-12-05 17:55:23,708 [1] INFO  [Network.NetClient.DoConnect:333] - NetClient.DoConnect on 127.0.0.1:8000
2025-12-05 17:55:23,709 [1] INFO  [Network.NetClient.DoConnect:345] - Connect[0] to server 127.0.0.1:8000

2025-12-05 17:55:23,711 [1] INFO  [Services.UserService.OnGameServerConnect:57] - LoadingMesager::OnGameServerConnect :0 reason:Success
2025-12-05 17:55:23,780 [1] INFO  [Services.UserService.OnUserLogin:210] - OnUserLogin:Success [登录成功]
2025-12-05 17:55:23,784 [1] INFO  [SceneManager+<LoadLevel>d__4.MoveNext:30] - LoadLevel: CharSelect
2025-12-05 17:55:23,836 [1] INFO  [SceneManager.LevelLoadCompleted:46] - LevelLoadCompleted:1
2025-12-05 17:55:29,423 [1] INFO  [UnityEngine.Application.CallLogCallback:0] - Select Char:[1]moonshooter[Archer]
2025-12-05 17:55:31,727 [1] INFO  [UnityEngine.Application.CallLogCallback:0] - Select Char:[2]123[Warrior]
2025-12-05 17:55:36,255 [1] INFO  [UnityEngine.Application.CallLogCallback:0] - Select Char:[3]邓荣荣[Archer]
2025-12-05 17:55:37,941 [1] INFO  [UnityEngine.Application.CallLogCallback:0] - Select Char:[4]小小战士[Warrior]
2025-12-05 17:55:39,541 [1] INFO  [UnityEngine.Application.CallLogCallback:0] - Select Char:[5]小小法师[Wizard]
2025-12-05 17:55:40,588 [1] INFO  [UnityEngine.Application.CallLogCallback:0] - Select Char:[4]小小战士[Warrior]
2025-12-05 17:55:41,575 [1] INFO  [UnityEngine.Application.CallLogCallback:0] - Select Char:[3]邓荣荣[Archer]
2025-12-05 17:55:42,470 [1] INFO  [UnityEngine.Application.CallLogCallback:0] - Select Char:[2]123[Warrior]
2025-12-05 17:55:43,690 [1] INFO  [UnityEngine.Application.CallLogCallback:0] - Select Char:[1]moonshooter[Archer]
2025-12-05 17:55:44,777 [1] INFO  [UnityEngine.Application.CallLogCallback:0] - Select Char:[5]小小法师[Wizard]
2025-12-05 17:55:57,599 [1] INFO  [Services.UserService.SendCreateCharacter:150] - UserCreateCharacterRequest::Name :王浩浩 Class:Wizard
2025-12-05 17:55:57,622 [1] INFO  [Services.UserService.OnUserCreateCharacter:227] - OnUserCreateCharacter:Success [None]
2025-12-05 17:56:00,360 [1] INFO  [UnityEngine.Application.CallLogCallback:0] - Select Char:[6]王浩浩[Wizard]
2025-12-05 17:56:01,437 [1] INFO  [UnityEngine.Application.CallLogCallback:0] - Select Char:[3]邓荣荣[Archer]
2025-12-05 17:56:02,204 [1] INFO  [UnityEngine.Application.CallLogCallback:0] - Select Char:[6]王浩浩[Wizard]
2025-12-05 17:56:04,873 [1] INFO  [UnityEngine.Application.CallLogCallback:0] - Select Char:[3]邓荣荣[Archer]
2025-12-05 17:56:05,742 [1] INFO  [UnityEngine.Application.CallLogCallback:0] - Select Char:[6]王浩浩[Wizard]
2025-12-05 17:56:10,833 [1] INFO  [UnityEngine.Application.CallLogCallback:0] - Select Char:[6]王浩浩[Wizard]
2025-12-05 17:56:11,456 [1] INFO  [UnityEngine.Application.CallLogCallback:0] - Select Char:[3]邓荣荣[Archer]
2025-12-05 17:56:21,180 [1] INFO  [Network.NetClient.OnDestroy:240] - OnDestroy NetworkManager.
2025-12-05 17:56:21,181 [1] WARN  [Network.NetClient.CloseConnection:250] - CloseConnection(), errorCode: 1007
