2025-11-14 11:10:38,728 [1] INFO  [LoadingManager+<Start>d__6.MoveNext:37] - LoadingManager start
2025-11-14 11:10:42,528 [1] INFO  [UnityEngine.Application.CallLogCallback:0] - DataManager > DataManager()
2025-11-14 11:11:08,652 [1] INFO  [Services.UserService.SendLogin:140] - UserLoginRequest::user :testreg psw:regpass
2025-11-14 11:11:08,654 [1] INFO  [Services.UserService.ConnectToServer:45] - ConnectToServer() Start 
2025-11-14 11:11:08,655 [1] INFO  [Network.NetClient.Connect:228] - DoConnect
2025-11-14 11:11:08,657 [1] INFO  [Network.NetClient.DoConnect:333] - NetClient.DoConnect on 127.0.0.1:8000
2025-11-14 11:11:08,657 [1] INFO  [Network.NetClient.DoConnect:345] - Connect[0] to server 127.0.0.1:8000

2025-11-14 11:11:08,659 [1] INFO  [Services.UserService.OnGameServerConnect:54] - LoadingMesager::OnGameServerConnect :0 reason:Success
2025-11-14 11:11:10,657 [1] INFO  [Services.UserService.OnUserLogin:172] - OnUserLogin:Success [登录成功]
2025-11-14 11:11:10,723 [1] INFO  [SceneManager+<LoadLevel>d__4.MoveNext:30] - LoadLevel: CharSelect
2025-11-14 11:11:10,726 [1] ERROR [UnityEngine.Application.CallLogCallback:0] - Scene 'CharSelect' couldn't be loaded because it has not been added to the active build profile or shared scene list or the AssetBundle has not been loaded.
To add a scene to the active build profile or shared scene list use the menu File->Build Profiles
StackTrace:
UnityEngine.SceneManagement.SceneManager:LoadSceneAsync (string)
SceneManager/<LoadLevel>d__4:MoveNext () (at Assets/Game/Scripts/Scene/SceneManager.cs:31)
UnityEngine.MonoBehaviour:StartCoroutine (System.Collections.IEnumerator)
SceneManager:LoadScene (string) (at Assets/Game/Scripts/Scene/SceneManager.cs:25)
UILogin:OnLogin (SkillBridge.Message.Result,string) (at Assets/Game/Scripts/UI/UILogin.cs:26)
Services.UserService:OnUserLogin (object,SkillBridge.Message.UserLoginResponse) (at Assets/Game/Scripts/Services/UserService.cs:182)
Network.MessageDistributer`1<object>:RaiseEvent<SkillBridge.Message.UserLoginResponse> (object,SkillBridge.Message.UserLoginResponse)
Network.MessageDispatch`1<object>:Dispatch (object,SkillBridge.Message.NetMessageResponse)
Network.MessageDistributer`1<object>:Distribute ()
Network.NetClient:ProceeMessage () (at Assets/Game/Scripts/Network/NetClient.cs:527)
Network.NetClient:Update () (at Assets/Game/Scripts/Network/NetClient.cs:548)

2025-11-14 11:11:10,732 [1] FATAL [UnityEngine.Application.CallLogCallback:0] - NullReferenceException: Object reference not set to an instance of an object
StackTrace:
SceneManager+<LoadLevel>d__4.MoveNext () (at Assets/Game/Scripts/Scene/SceneManager.cs:32)
UnityEngine.SetupCoroutine.InvokeMoveNext (System.Collections.IEnumerator enumerator, System.IntPtr returnValueAddress) (at <b798abedcf1a4bd086c2acc4761834c5>:0)
UnityEngine.MonoBehaviour:StartCoroutine(IEnumerator)
SceneManager:LoadScene(String) (at Assets/Game/Scripts/Scene/SceneManager.cs:25)
UILogin:OnLogin(Result, String) (at Assets/Game/Scripts/UI/UILogin.cs:26)
Services.UserService:OnUserLogin(Object, UserLoginResponse) (at Assets/Game/Scripts/Services/UserService.cs:182)
Network.MessageDistributer`1:RaiseEvent(Object, UserLoginResponse)
Network.MessageDispatch`1:Dispatch(Object, NetMessageResponse)
Network.MessageDistributer`1:Distribute()
Network.NetClient:ProceeMessage() (at Assets/Game/Scripts/Network/NetClient.cs:527)
Network.NetClient:Update() (at Assets/Game/Scripts/Network/NetClient.cs:548)

2025-11-14 11:11:53,971 [1] INFO  [Network.NetClient.OnDestroy:240] - OnDestroy NetworkManager.
2025-11-14 11:11:53,972 [1] WARN  [Network.NetClient.CloseConnection:250] - CloseConnection(), errorCode: 1007
